# JRE version: Java(TM) SE Runtime Environment (7.0_79-b15) (build 1.7.0_79-b15)
# Java VM: Java HotSpot(TM) 64-Bit Server VM (24.79-b02 mixed mode windows-amd64 compressed oops)
Heap
 PSYoungGen      total 259072K, used 51345K [0x00000000eaa80000, 0x0000000100000000, 0x0000000100000000)
  eden space 175104K, 28% used [0x00000000eaa80000,0x00000000edaf0750,0x00000000f5580000)
  from space 83968K, 2% used [0x00000000fa600000,0x00000000fa7b3f08,0x00000000ff800000)
  to   space 82432K, 0% used [0x00000000f5580000,0x00000000f5580000,0x00000000fa600000)
 ParOldGen       total 299520K, used 229783K [0x00000000c0000000, 0x00000000d2480000, 0x00000000eaa80000)
  object space 299520K, 76% used [0x00000000c0000000,0x00000000ce065f58,0x00000000d2480000)
 PSPermGen       total 113664K, used 93198K [0x00000000b0000000, 0x00000000b6f00000, 0x00000000c0000000)
  object space 113664K, 81% used [0x00000000b0000000,0x00000000b5b03ab8,0x00000000b6f00000)
GC Heap History (10 events):
Event: 12771.130 GC heap before
{Heap before GC invocations=71 (full 11):
 PSYoungGen      total 263680K, used 37755K [0x00000000eaa80000, 0x00000000ffb80000, 0x0000000100000000)
  eden space 188416K, 0% used [0x00000000eaa80000,0x00000000eaa80000,0x00000000f6280000)
  from space 75264K, 50% used [0x00000000fb200000,0x00000000fd6dec30,0x00000000ffb80000)
  to   space 78336K, 0% used [0x00000000f6280000,0x00000000f6280000,0x00000000faf00000)
 ParOldGen       total 318976K, used 271556K [0x00000000c0000000, 0x00000000d3780000, 0x00000000eaa80000)
  object space 318976K, 85% used [0x00000000c0000000,0x00000000d0931258,0x00000000d3780000)
 PSPermGen       total 104448K, used 92843K [0x00000000b0000000, 0x00000000b6600000, 0x00000000c0000000)
  object space 104448K, 88% used [0x00000000b0000000,0x00000000b5aaaf98,0x00000000b6600000)
Event: 12787.014 GC heap after
Heap after GC invocations=71 (full 11):
 PSYoungGen      total 263680K, used 0K [0x00000000eaa80000, 0x00000000ffb80000, 0x0000000100000000)
  eden space 188416K, 0% used [0x00000000eaa80000,0x00000000eaa80000,0x00000000f6280000)
  from space 75264K, 0% used [0x00000000fb200000,0x00000000fb200000,0x00000000ffb80000)
  to   space 78336K, 0% used [0x00000000f6280000,0x00000000f6280000,0x00000000faf00000)
 ParOldGen       total 299520K, used 139752K [0x00000000c0000000, 0x00000000d2480000, 0x00000000eaa80000)
  object space 299520K, 46% used [0x00000000c0000000,0x00000000c887a168,0x00000000d2480000)
 PSPermGen       total 113664K, used 92184K [0x00000000b0000000, 0x00000000b6f00000, 0x00000000c0000000)
  object space 113664K, 81% used [0x00000000b0000000,0x00000000b5a06350,0x00000000b6f00000)
}
Event: 12788.293 GC heap before
{Heap before GC invocations=72 (full 11):
 PSYoungGen      total 263680K, used 188416K [0x00000000eaa80000, 0x00000000ffb80000, 0x0000000100000000)
  eden space 188416K, 100% used [0x00000000eaa80000,0x00000000f6280000,0x00000000f6280000)
  from space 75264K, 0% used [0x00000000fb200000,0x00000000fb200000,0x00000000ffb80000)
  to   space 78336K, 0% used [0x00000000f6280000,0x00000000f6280000,0x00000000faf00000)
 ParOldGen       total 299520K, used 139752K [0x00000000c0000000, 0x00000000d2480000, 0x00000000eaa80000)
  object space 299520K, 46% used [0x00000000c0000000,0x00000000c887a168,0x00000000d2480000)
 PSPermGen       total 113664K, used 92359K [0x00000000b0000000, 0x00000000b6f00000, 0x00000000c0000000)
  object space 113664K, 81% used [0x00000000b0000000,0x00000000b5a31cf8,0x00000000b6f00000)
Event: 12788.503 GC heap after
Heap after GC invocations=72 (full 11):
 PSYoungGen      total 259584K, used 70813K [0x00000000eaa80000, 0x0000000100000000, 0x0000000100000000)
  eden space 188416K, 0% used [0x00000000eaa80000,0x00000000eaa80000,0x00000000f6280000)
  from space 71168K, 99% used [0x00000000f6280000,0x00000000fa7a7528,0x00000000fa800000)
  to   space 89600K, 0% used [0x00000000fa880000,0x00000000fa880000,0x0000000100000000)
 ParOldGen       total 299520K, used 139752K [0x00000000c0000000, 0x00000000d2480000, 0x00000000eaa80000)
  object space 299520K, 46% used [0x00000000c0000000,0x00000000c887a168,0x00000000d2480000)
 PSPermGen       total 113664K, used 92359K [0x00000000b0000000, 0x00000000b6f00000, 0x00000000c0000000)
  object space 113664K, 81% used [0x00000000b0000000,0x00000000b5a31cf8,0x00000000b6f00000)
}
Event: 12788.966 GC heap before
{Heap before GC invocations=73 (full 11):
 PSYoungGen      total 259584K, used 259229K [0x00000000eaa80000, 0x0000000100000000, 0x0000000100000000)
  eden space 188416K, 100% used [0x00000000eaa80000,0x00000000f6280000,0x00000000f6280000)
  from space 71168K, 99% used [0x00000000f6280000,0x00000000fa7a7528,0x00000000fa800000)
  to   space 89600K, 0% used [0x00000000fa880000,0x00000000fa880000,0x0000000100000000)
 ParOldGen       total 299520K, used 139752K [0x00000000c0000000, 0x00000000d2480000, 0x00000000eaa80000)
  object space 299520K, 46% used [0x00000000c0000000,0x00000000c887a168,0x00000000d2480000)
 PSPermGen       total 113664K, used 92370K [0x00000000b0000000, 0x00000000b6f00000, 0x00000000c0000000)
  object space 113664K, 81% used [0x00000000b0000000,0x00000000b5a34a60,0x00000000b6f00000)
Event: 12789.124 GC heap after
Heap after GC invocations=73 (full 11):
 PSYoungGen      total 263168K, used 16416K [0x00000000eaa80000, 0x0000000100000000, 0x0000000100000000)
  eden space 173568K, 0% used [0x00000000eaa80000,0x00000000eaa80000,0x00000000f5400000)
  from space 89600K, 18% used [0x00000000fa880000,0x00000000fb888000,0x0000000100000000)
  to   space 86528K, 0% used [0x00000000f5400000,0x00000000f5400000,0x00000000fa880000)
 ParOldGen       total 299520K, used 206703K [0x00000000c0000000, 0x00000000d2480000, 0x00000000eaa80000)
  object space 299520K, 69% used [0x00000000c0000000,0x00000000cc9dbf58,0x00000000d2480000)
 PSPermGen       total 113664K, used 92370K [0x00000000b0000000, 0x00000000b6f00000, 0x00000000c0000000)
  object space 113664K, 81% used [0x00000000b0000000,0x00000000b5a34a60,0x00000000b6f00000)
}
Event: 12789.784 GC heap before
{Heap before GC invocations=74 (full 11):
 PSYoungGen      total 263168K, used 189984K [0x00000000eaa80000, 0x0000000100000000, 0x0000000100000000)
  eden space 173568K, 100% used [0x00000000eaa80000,0x00000000f5400000,0x00000000f5400000)
  from space 89600K, 18% used [0x00000000fa880000,0x00000000fb888000,0x0000000100000000)
  to   space 86528K, 0% used [0x00000000f5400000,0x00000000f5400000,0x00000000fa880000)
 ParOldGen       total 299520K, used 206703K [0x00000000c0000000, 0x00000000d2480000, 0x00000000eaa80000)
  object space 299520K, 69% used [0x00000000c0000000,0x00000000cc9dbf58,0x00000000d2480000)
 PSPermGen       total 113664K, used 92482K [0x00000000b0000000, 0x00000000b6f00000, 0x00000000c0000000)
  object space 113664K, 81% used [0x00000000b0000000,0x00000000b5a509d8,0x00000000b6f00000)
Event: 12789.854 GC heap after
Heap after GC invocations=74 (full 11):
 PSYoungGen      total 184320K, used 10496K [0x00000000eaa80000, 0x00000000ff800000, 0x0000000100000000)
  eden space 173568K, 0% used [0x00000000eaa80000,0x00000000eaa80000,0x00000000f5400000)
  from space 10752K, 97% used [0x00000000f5400000,0x00000000f5e40000,0x00000000f5e80000)
  to   space 83968K, 0% used [0x00000000fa600000,0x00000000fa600000,0x00000000ff800000)
 ParOldGen       total 299520K, used 223199K [0x00000000c0000000, 0x00000000d2480000, 0x00000000eaa80000)
  object space 299520K, 74% used [0x00000000c0000000,0x00000000cd9f7f58,0x00000000d2480000)
 PSPermGen       total 113664K, used 92482K [0x00000000b0000000, 0x00000000b6f00000, 0x00000000c0000000)
  object space 113664K, 81% used [0x00000000b0000000,0x00000000b5a509d8,0x00000000b6f00000)
}
Event: 12791.827 GC heap before
{Heap before GC invocations=75 (full 11):
 PSYoungGen      total 184320K, used 184064K [0x00000000eaa80000, 0x00000000ff800000, 0x0000000100000000)
  eden space 173568K, 100% used [0x00000000eaa80000,0x00000000f5400000,0x00000000f5400000)
  from space 10752K, 97% used [0x00000000f5400000,0x00000000f5e40000,0x00000000f5e80000)
  to   space 83968K, 0% used [0x00000000fa600000,0x00000000fa600000,0x00000000ff800000)
 ParOldGen       total 299520K, used 223199K [0x00000000c0000000, 0x00000000d2480000, 0x00000000eaa80000)
  object space 299520K, 74% used [0x00000000c0000000,0x00000000cd9f7f58,0x00000000d2480000)
 PSPermGen       total 113664K, used 92910K [0x00000000b0000000, 0x00000000b6f00000, 0x00000000c0000000)
  object space 113664K, 81% used [0x00000000b0000000,0x00000000b5abba30,0x00000000b6f00000)
Event: 12791.875 GC heap after
Heap after GC invocations=75 (full 11):
 PSYoungGen      total 259072K, used 1743K [0x00000000eaa80000, 0x0000000100000000, 0x0000000100000000)
  eden space 175104K, 0% used [0x00000000eaa80000,0x00000000eaa80000,0x00000000f5580000)
  from space 83968K, 2% used [0x00000000fa600000,0x00000000fa7b3f08,0x00000000ff800000)
  to   space 82432K, 0% used [0x00000000f5580000,0x00000000f5580000,0x00000000fa600000)
 ParOldGen       total 299520K, used 229783K [0x00000000c0000000, 0x00000000d2480000, 0x00000000eaa80000)
  object space 299520K, 76% used [0x00000000c0000000,0x00000000ce065f58,0x00000000d2480000)
 PSPermGen       total 113664K, used 92910K [0x00000000b0000000, 0x00000000b6f00000, 0x00000000c0000000)
  object space 113664K, 81% used [0x00000000b0000000,0x00000000b5abba30,0x00000000b6f00000)
}

