# JRE version: Java(TM) SE Runtime Environment (8.0_77-b03) (build 1.8.0_77-b03)
# Java VM: Java HotSpot(TM) 64-Bit Server VM (25.77-b03 mixed mode windows-amd64 compressed oops)
Heap:
 PSYoungGen      total 254976K, used 28523K [0x00000000eab00000, 0x00000000ff800000, 0x0000000100000000)
  eden space 180224K, 14% used [0x00000000eab00000,0x00000000ec54a610,0x00000000f5b00000)
  from space 74752K, 2% used [0x00000000faf00000,0x00000000fb090650,0x00000000ff800000)
  to   space 80384K, 0% used [0x00000000f5b00000,0x00000000f5b00000,0x00000000fa980000)
 ParOldGen       total 336896K, used 253200K [0x00000000c0000000, 0x00000000d4900000, 0x00000000eab00000)
  object space 336896K, 75% used [0x00000000c0000000,0x00000000cf744198,0x00000000d4900000)
 Metaspace       used 77295K, capacity 81152K, committed 83288K, reserved 1120256K
  class space    used 10269K, capacity 11482K, committed 12120K, reserved 1048576K
GC Heap History (10 events):
Event: 9339.553 GC heap before
{Heap before GC invocations=62 (full 10):
 PSYoungGen      total 224768K, used 63970K [0x00000000eab00000, 0x0000000100000000, 0x0000000100000000)
  eden space 160768K, 0% used [0x00000000eab00000,0x00000000eab00000,0x00000000f4800000)
  from space 64000K, 99% used [0x00000000fc180000,0x00000000ffff8ba8,0x0000000100000000)
  to   space 94208K, 0% used [0x00000000f4800000,0x00000000f4800000,0x00000000fa400000)
 ParOldGen       total 346112K, used 319896K [0x00000000c0000000, 0x00000000d5200000, 0x00000000eab00000)
  object space 346112K, 92% used [0x00000000c0000000,0x00000000d3866270,0x00000000d5200000)
 Metaspace       used 77740K, capacity 83108K, committed 83288K, reserved 1120256K
  class space    used 10461K, capacity 12107K, committed 12120K, reserved 1048576K
Event: 9342.988 GC heap after
Heap after GC invocations=62 (full 10):
 PSYoungGen      total 224768K, used 0K [0x00000000eab00000, 0x0000000100000000, 0x0000000100000000)
  eden space 160768K, 0% used [0x00000000eab00000,0x00000000eab00000,0x00000000f4800000)
  from space 64000K, 0% used [0x00000000fc180000,0x00000000fc180000,0x0000000100000000)
  to   space 94208K, 0% used [0x00000000f4800000,0x00000000f4800000,0x00000000fa400000)
 ParOldGen       total 336896K, used 222240K [0x00000000c0000000, 0x00000000d4900000, 0x00000000eab00000)
  object space 336896K, 65% used [0x00000000c0000000,0x00000000cd908198,0x00000000d4900000)
 Metaspace       used 76362K, capacity 80190K, committed 83288K, reserved 1120256K
  class space    used 10114K, capacity 11308K, committed 12120K, reserved 1048576K
}
Event: 9343.426 GC heap before
{Heap before GC invocations=63 (full 10):
 PSYoungGen      total 224768K, used 160768K [0x00000000eab00000, 0x0000000100000000, 0x0000000100000000)
  eden space 160768K, 100% used [0x00000000eab00000,0x00000000f4800000,0x00000000f4800000)
  from space 64000K, 0% used [0x00000000fc180000,0x00000000fc180000,0x0000000100000000)
  to   space 94208K, 0% used [0x00000000f4800000,0x00000000f4800000,0x00000000fa400000)
 ParOldGen       total 336896K, used 222240K [0x00000000c0000000, 0x00000000d4900000, 0x00000000eab00000)
  object space 336896K, 65% used [0x00000000c0000000,0x00000000cd908198,0x00000000d4900000)
 Metaspace       used 76368K, capacity 80190K, committed 83288K, reserved 1120256K
  class space    used 10114K, capacity 11308K, committed 12120K, reserved 1048576K
Event: 9343.482 GC heap after
Heap after GC invocations=63 (full 10):
 PSYoungGen      total 254976K, used 14560K [0x00000000eab00000, 0x0000000100000000, 0x0000000100000000)
  eden space 160768K, 0% used [0x00000000eab00000,0x00000000eab00000,0x00000000f4800000)
  from space 94208K, 15% used [0x00000000f4800000,0x00000000f5638000,0x00000000fa400000)
  to   space 89600K, 0% used [0x00000000fa880000,0x00000000fa880000,0x0000000100000000)
 ParOldGen       total 336896K, used 222240K [0x00000000c0000000, 0x00000000d4900000, 0x00000000eab00000)
  object space 336896K, 65% used [0x00000000c0000000,0x00000000cd908198,0x00000000d4900000)
 Metaspace       used 76368K, capacity 80190K, committed 83288K, reserved 1120256K
  class space    used 10114K, capacity 11308K, committed 12120K, reserved 1048576K
}
Event: 9343.887 GC heap before
{Heap before GC invocations=64 (full 10):
 PSYoungGen      total 254976K, used 175328K [0x00000000eab00000, 0x0000000100000000, 0x0000000100000000)
  eden space 160768K, 100% used [0x00000000eab00000,0x00000000f4800000,0x00000000f4800000)
  from space 94208K, 15% used [0x00000000f4800000,0x00000000f5638000,0x00000000fa400000)
  to   space 89600K, 0% used [0x00000000fa880000,0x00000000fa880000,0x0000000100000000)
 ParOldGen       total 336896K, used 222240K [0x00000000c0000000, 0x00000000d4900000, 0x00000000eab00000)
  object space 336896K, 65% used [0x00000000c0000000,0x00000000cd908198,0x00000000d4900000)
 Metaspace       used 76368K, capacity 80190K, committed 83288K, reserved 1120256K
  class space    used 10114K, capacity 11308K, committed 12120K, reserved 1048576K
Event: 9344.015 GC heap after
Heap after GC invocations=64 (full 10):
 PSYoungGen      total 243200K, used 10848K [0x00000000eab00000, 0x00000000ff480000, 0x0000000100000000)
  eden space 165376K, 0% used [0x00000000eab00000,0x00000000eab00000,0x00000000f4c80000)
  from space 77824K, 13% used [0x00000000fa880000,0x00000000fb318000,0x00000000ff480000)
  to   space 86016K, 0% used [0x00000000f4c80000,0x00000000f4c80000,0x00000000fa080000)
 ParOldGen       total 336896K, used 236856K [0x00000000c0000000, 0x00000000d4900000, 0x00000000eab00000)
  object space 336896K, 70% used [0x00000000c0000000,0x00000000ce74e198,0x00000000d4900000)
 Metaspace       used 76368K, capacity 80190K, committed 83288K, reserved 1120256K
  class space    used 10114K, capacity 11308K, committed 12120K, reserved 1048576K
}
Event: 9345.825 GC heap before
{Heap before GC invocations=65 (full 10):
 PSYoungGen      total 243200K, used 176224K [0x00000000eab00000, 0x00000000ff480000, 0x0000000100000000)
  eden space 165376K, 100% used [0x00000000eab00000,0x00000000f4c80000,0x00000000f4c80000)
  from space 77824K, 13% used [0x00000000fa880000,0x00000000fb318000,0x00000000ff480000)
  to   space 86016K, 0% used [0x00000000f4c80000,0x00000000f4c80000,0x00000000fa080000)
 ParOldGen       total 336896K, used 236856K [0x00000000c0000000, 0x00000000d4900000, 0x00000000eab00000)
  object space 336896K, 70% used [0x00000000c0000000,0x00000000ce74e198,0x00000000d4900000)
 Metaspace       used 76548K, capacity 80414K, committed 83288K, reserved 1120256K
  class space    used 10133K, capacity 11340K, committed 12120K, reserved 1048576K
Event: 9345.936 GC heap after
Heap after GC invocations=65 (full 10):
 PSYoungGen      total 251392K, used 8160K [0x00000000eab00000, 0x0000000100000000, 0x0000000100000000)
  eden space 165376K, 0% used [0x00000000eab00000,0x00000000eab00000,0x00000000f4c80000)
  from space 86016K, 9% used [0x00000000f4c80000,0x00000000f5478000,0x00000000fa080000)
  to   space 82944K, 0% used [0x00000000faf00000,0x00000000faf00000,0x0000000100000000)
 ParOldGen       total 336896K, used 247728K [0x00000000c0000000, 0x00000000d4900000, 0x00000000eab00000)
  object space 336896K, 73% used [0x00000000c0000000,0x00000000cf1ec198,0x00000000d4900000)
 Metaspace       used 76548K, capacity 80414K, committed 83288K, reserved 1120256K
  class space    used 10133K, capacity 11340K, committed 12120K, reserved 1048576K
}
Event: 9348.754 GC heap before
{Heap before GC invocations=66 (full 10):
 PSYoungGen      total 251392K, used 173536K [0x00000000eab00000, 0x0000000100000000, 0x0000000100000000)
  eden space 165376K, 100% used [0x00000000eab00000,0x00000000f4c80000,0x00000000f4c80000)
  from space 86016K, 9% used [0x00000000f4c80000,0x00000000f5478000,0x00000000fa080000)
  to   space 82944K, 0% used [0x00000000faf00000,0x00000000faf00000,0x0000000100000000)
 ParOldGen       total 336896K, used 247728K [0x00000000c0000000, 0x00000000d4900000, 0x00000000eab00000)
  object space 336896K, 73% used [0x00000000c0000000,0x00000000cf1ec198,0x00000000d4900000)
 Metaspace       used 77239K, capacity 81030K, committed 83288K, reserved 1120256K
  class space    used 10255K, capacity 11440K, committed 12120K, reserved 1048576K
Event: 9348.818 GC heap after
Heap after GC invocations=66 (full 10):
 PSYoungGen      total 254976K, used 1601K [0x00000000eab00000, 0x00000000ff800000, 0x0000000100000000)
  eden space 180224K, 0% used [0x00000000eab00000,0x00000000eab00000,0x00000000f5b00000)
  from space 74752K, 2% used [0x00000000faf00000,0x00000000fb090650,0x00000000ff800000)
  to   space 80384K, 0% used [0x00000000f5b00000,0x00000000f5b00000,0x00000000fa980000)
 ParOldGen       total 336896K, used 253200K [0x00000000c0000000, 0x00000000d4900000, 0x00000000eab00000)
  object space 336896K, 75% used [0x00000000c0000000,0x00000000cf744198,0x00000000d4900000)
 Metaspace       used 77239K, capacity 81030K, committed 83288K, reserved 1120256K
  class space    used 10255K, capacity 11440K, committed 12120K, reserved 1048576K
}

