# JRE version: OpenJDK Runtime Environment (7.0_79-b14) (build 1.7.0_79-b14)
# Java VM: OpenJDK 64-Bit Server VM (24.79-b02 mixed mode linux-amd64 compressed oops)
Heap
 PSYoungGen      total 1254912K, used 415214K [0x0000000755500000, 0x00000007bf600000, 0x0000000800000000)
  eden space 839680K, 0% used [0x0000000755500000,0x0000000755500000,0x0000000788900000)
  from space 415232K, 99% used [0x0000000788900000,0x00000007a1e7baa8,0x00000007a1e80000)
  to   space 358400K, 0% used [0x00000007a1e80000,0x00000007a1e80000,0x00000007b7c80000)
 ParOldGen       total 609792K, used 532567K [0x0000000600000000, 0x0000000625380000, 0x0000000755500000)
  object space 609792K, 87% used [0x0000000600000000,0x0000000620815e80,0x0000000625380000)
 PSPermGen       total 21504K, used 6929K [0x00000005f5a00000, 0x00000005f6f00000, 0x0000000600000000)
  object space 21504K, 32% used [0x00000005f5a00000,0x00000005f60c4620,0x00000005f6f00000)
GC Heap History (10 events):
Event: 165.804 GC heap after
Heap after GC invocations=44 (full 5):
 PSYoungGen      total 946176K, used 249322K [0x0000000755500000, 0x00000007aba00000, 0x0000000800000000)
  eden space 696832K, 0% used [0x0000000755500000,0x0000000755500000,0x000000077fd80000)
  from space 249344K, 99% used [0x000000077fd80000,0x000000078f0fa820,0x000000078f100000)
  to   space 295936K, 0% used [0x0000000799900000,0x0000000799900000,0x00000007aba00000)
 ParOldGen       total 453632K, used 406946K [0x0000000600000000, 0x000000061bb00000, 0x0000000755500000)
  object space 453632K, 89% used [0x0000000600000000,0x0000000618d68a48,0x000000061bb00000)
 PSPermGen       total 21504K, used 6189K [0x00000005f5a00000, 0x00000005f6f00000, 0x0000000600000000)
  object space 21504K, 28% used [0x00000005f5a00000,0x00000005f600b5b8,0x00000005f6f00000)
}
Event: 165.804 GC heap before
{Heap before GC invocations=45 (full 6):
 PSYoungGen      total 946176K, used 249322K [0x0000000755500000, 0x00000007aba00000, 0x0000000800000000)
  eden space 696832K, 0% used [0x0000000755500000,0x0000000755500000,0x000000077fd80000)
  from space 249344K, 99% used [0x000000077fd80000,0x000000078f0fa820,0x000000078f100000)
  to   space 295936K, 0% used [0x0000000799900000,0x0000000799900000,0x00000007aba00000)
 ParOldGen       total 453632K, used 406946K [0x0000000600000000, 0x000000061bb00000, 0x0000000755500000)
  object space 453632K, 89% used [0x0000000600000000,0x0000000618d68a48,0x000000061bb00000)
 PSPermGen       total 21504K, used 6189K [0x00000005f5a00000, 0x00000005f6f00000, 0x0000000600000000)
  object space 21504K, 28% used [0x00000005f5a00000,0x00000005f600b5b8,0x00000005f6f00000)
Event: 182.390 GC heap after
Heap after GC invocations=45 (full 6):
 PSYoungGen      total 946176K, used 189759K [0x0000000755500000, 0x00000007aba00000, 0x0000000800000000)
  eden space 696832K, 0% used [0x0000000755500000,0x0000000755500000,0x000000077fd80000)
  from space 249344K, 76% used [0x000000077fd80000,0x000000078b6cfc78,0x000000078f100000)
  to   space 295936K, 0% used [0x0000000799900000,0x0000000799900000,0x00000007aba00000)
 ParOldGen       total 609792K, used 453624K [0x0000000600000000, 0x0000000625380000, 0x0000000755500000)
  object space 609792K, 74% used [0x0000000600000000,0x000000061bafe180,0x0000000625380000)
 PSPermGen       total 21504K, used 6189K [0x00000005f5a00000, 0x00000005f6f00000, 0x0000000600000000)
  object space 21504K, 28% used [0x00000005f5a00000,0x00000005f600b5b8,0x00000005f6f00000)
}
Event: 185.353 GC heap before
{Heap before GC invocations=46 (full 6):
 PSYoungGen      total 946176K, used 886591K [0x0000000755500000, 0x00000007aba00000, 0x0000000800000000)
  eden space 696832K, 100% used [0x0000000755500000,0x000000077fd80000,0x000000077fd80000)
  from space 249344K, 76% used [0x000000077fd80000,0x000000078b6cfc78,0x000000078f100000)
  to   space 295936K, 0% used [0x0000000799900000,0x0000000799900000,0x00000007aba00000)
 ParOldGen       total 609792K, used 453624K [0x0000000600000000, 0x0000000625380000, 0x0000000755500000)
  object space 609792K, 74% used [0x0000000600000000,0x000000061bafe180,0x0000000625380000)
 PSPermGen       total 21504K, used 6189K [0x00000005f5a00000, 0x00000005f6f00000, 0x0000000600000000)
  object space 21504K, 28% used [0x00000005f5a00000,0x00000005f600b730,0x00000005f6f00000)
Event: 213.737 GC heap after
Heap after GC invocations=46 (full 6):
 PSYoungGen      total 1073664K, used 284907K [0x0000000755500000, 0x00000007b1600000, 0x0000000800000000)
  eden space 777728K, 0% used [0x0000000755500000,0x0000000755500000,0x0000000784c80000)
  from space 295936K, 96% used [0x0000000799900000,0x00000007aaf3af50,0x00000007aba00000)
  to   space 340480K, 0% used [0x0000000784c80000,0x0000000784c80000,0x0000000799900000)
 ParOldGen       total 609792K, used 467143K [0x0000000600000000, 0x0000000625380000, 0x0000000755500000)
  object space 609792K, 76% used [0x0000000600000000,0x000000061c831d10,0x0000000625380000)
 PSPermGen       total 21504K, used 6189K [0x00000005f5a00000, 0x00000005f6f00000, 0x0000000600000000)
  object space 21504K, 28% used [0x00000005f5a00000,0x00000005f600b730,0x00000005f6f00000)
}
Event: 259.048 GC heap before
{Heap before GC invocations=47 (full 6):
 PSYoungGen      total 1073664K, used 1062635K [0x0000000755500000, 0x00000007b1600000, 0x0000000800000000)
  eden space 777728K, 100% used [0x0000000755500000,0x0000000784c80000,0x0000000784c80000)
  from space 295936K, 96% used [0x0000000799900000,0x00000007aaf3af50,0x00000007aba00000)
  to   space 340480K, 0% used [0x0000000784c80000,0x0000000784c80000,0x0000000799900000)
 ParOldGen       total 609792K, used 467143K [0x0000000600000000, 0x0000000625380000, 0x0000000755500000)
  object space 609792K, 76% used [0x0000000600000000,0x000000061c831d10,0x0000000625380000)
 PSPermGen       total 21504K, used 6543K [0x00000005f5a00000, 0x00000005f6f00000, 0x0000000600000000)
  object space 21504K, 30% used [0x00000005f5a00000,0x00000005f6063cc0,0x00000005f6f00000)
Event: 260.050 GC heap after
Heap after GC invocations=47 (full 6):
 PSYoungGen      total 1118208K, used 238353K [0x0000000755500000, 0x00000007b7c80000, 0x0000000800000000)
  eden space 777728K, 0% used [0x0000000755500000,0x0000000755500000,0x0000000784c80000)
  from space 340480K, 70% used [0x0000000784c80000,0x0000000793544580,0x0000000799900000)
  to   space 358400K, 0% used [0x00000007a1e80000,0x00000007a1e80000,0x00000007b7c80000)
 ParOldGen       total 609792K, used 467471K [0x0000000600000000, 0x0000000625380000, 0x0000000755500000)
  object space 609792K, 76% used [0x0000000600000000,0x000000061c883d10,0x0000000625380000)
 PSPermGen       total 21504K, used 6543K [0x00000005f5a00000, 0x00000005f6f00000, 0x0000000600000000)
  object space 21504K, 30% used [0x00000005f5a00000,0x00000005f6063cc0,0x00000005f6f00000)
}
Event: 273.838 GC heap before
{Heap before GC invocations=48 (full 6):
 PSYoungGen      total 1118208K, used 1016081K [0x0000000755500000, 0x00000007b7c80000, 0x0000000800000000)
  eden space 777728K, 100% used [0x0000000755500000,0x0000000784c80000,0x0000000784c80000)
  from space 340480K, 70% used [0x0000000784c80000,0x0000000793544580,0x0000000799900000)
  to   space 358400K, 0% used [0x00000007a1e80000,0x00000007a1e80000,0x00000007b7c80000)
 ParOldGen       total 609792K, used 467471K [0x0000000600000000, 0x0000000625380000, 0x0000000755500000)
  object space 609792K, 76% used [0x0000000600000000,0x000000061c883d10,0x0000000625380000)
 PSPermGen       total 21504K, used 6926K [0x00000005f5a00000, 0x00000005f6f00000, 0x0000000600000000)
  object space 21504K, 32% used [0x00000005f5a00000,0x00000005f60c3ab0,0x00000005f6f00000)
Event: 340.827 GC heap after
Heap after GC invocations=48 (full 6):
 PSYoungGen      total 1198080K, used 355204K [0x0000000755500000, 0x00000007bf600000, 0x0000000800000000)
  eden space 839680K, 0% used [0x0000000755500000,0x0000000755500000,0x0000000788900000)
  from space 358400K, 99% used [0x00000007a1e80000,0x00000007b7961188,0x00000007b7c80000)
  to   space 415232K, 0% used [0x0000000788900000,0x0000000788900000,0x00000007a1e80000)
 ParOldGen       total 609792K, used 471015K [0x0000000600000000, 0x0000000625380000, 0x0000000755500000)
  object space 609792K, 77% used [0x0000000600000000,0x000000061cbf9d10,0x0000000625380000)
 PSPermGen       total 21504K, used 6926K [0x00000005f5a00000, 0x00000005f6f00000, 0x0000000600000000)
  object space 21504K, 32% used [0x00000005f5a00000,0x00000005f60c3ab0,0x00000005f6f00000)
}
Event: 344.466 GC heap before
{Heap before GC invocations=49 (full 6):
 PSYoungGen      total 1198080K, used 1194884K [0x0000000755500000, 0x00000007bf600000, 0x0000000800000000)
  eden space 839680K, 100% used [0x0000000755500000,0x0000000788900000,0x0000000788900000)
  from space 358400K, 99% used [0x00000007a1e80000,0x00000007b7961188,0x00000007b7c80000)
  to   space 415232K, 0% used [0x0000000788900000,0x0000000788900000,0x00000007a1e80000)
 ParOldGen       total 609792K, used 471015K [0x0000000600000000, 0x0000000625380000, 0x0000000755500000)
  object space 609792K, 77% used [0x0000000600000000,0x000000061cbf9d10,0x0000000625380000)
 PSPermGen       total 21504K, used 6929K [0x00000005f5a00000, 0x00000005f6f00000, 0x0000000600000000)
  object space 21504K, 32% used [0x00000005f5a00000,0x00000005f60c4620,0x00000005f6f00000)

