# JRE version: OpenJDK Runtime Environment (7.0_79-b14) (build 1.7.0_79-b14)
# Java VM: OpenJDK 64-Bit Server VM (24.79-b02 mixed mode linux-amd64 compressed oops)
Heap
 PSYoungGen      total 1368576K, used 406375K [0x0000000755500000, 0x00000007c5900000, 0x0000000800000000)
  eden space 916992K, 0% used [0x0000000755500000,0x0000000755500000,0x000000078d480000)
  from space 451584K, 89% used [0x000000078d480000,0x00000007a6159d40,0x00000007a8d80000)
  to   space 428544K, 0% used [0x00000007a8d80000,0x00000007a8d80000,0x00000007c3000000)
 ParOldGen       total 610304K, used 515636K [0x0000000600000000, 0x0000000625400000, 0x0000000755500000)
  object space 610304K, 84% used [0x0000000600000000,0x000000061f78d3f8,0x0000000625400000)
 PSPermGen       total 21504K, used 6907K [0x00000005f5a00000, 0x00000005f6f00000, 0x0000000600000000)
  object space 21504K, 32% used [0x00000005f5a00000,0x00000005f60bef28,0x00000005f6f00000)
GC Heap History (10 events):
Event: 88.346 GC heap after
Heap after GC invocations=42 (full 5):
 PSYoungGen      total 1011200K, used 257516K [0x0000000755500000, 0x00000007b1b80000, 0x0000000800000000)
  eden space 753664K, 0% used [0x0000000755500000,0x0000000755500000,0x0000000783500000)
  from space 257536K, 99% used [0x0000000783500000,0x000000079307b098,0x0000000793080000)
  to   space 323584K, 0% used [0x000000079df80000,0x000000079df80000,0x00000007b1b80000)
 ParOldGen       total 454144K, used 386050K [0x0000000600000000, 0x000000061bb80000, 0x0000000755500000)
  object space 454144K, 85% used [0x0000000600000000,0x00000006179009b0,0x000000061bb80000)
 PSPermGen       total 21504K, used 6184K [0x00000005f5a00000, 0x00000005f6f00000, 0x0000000600000000)
  object space 21504K, 28% used [0x00000005f5a00000,0x00000005f600a198,0x00000005f6f00000)
}
Event: 91.414 GC heap before
{Heap before GC invocations=43 (full 5):
 PSYoungGen      total 1011200K, used 1011180K [0x0000000755500000, 0x00000007b1b80000, 0x0000000800000000)
  eden space 753664K, 100% used [0x0000000755500000,0x0000000783500000,0x0000000783500000)
  from space 257536K, 99% used [0x0000000783500000,0x000000079307b098,0x0000000793080000)
  to   space 323584K, 0% used [0x000000079df80000,0x000000079df80000,0x00000007b1b80000)
 ParOldGen       total 454144K, used 386050K [0x0000000600000000, 0x000000061bb80000, 0x0000000755500000)
  object space 454144K, 85% used [0x0000000600000000,0x00000006179009b0,0x000000061bb80000)
 PSPermGen       total 21504K, used 6186K [0x00000005f5a00000, 0x00000005f6f00000, 0x0000000600000000)
  object space 21504K, 28% used [0x00000005f5a00000,0x00000005f600a980,0x00000005f6f00000)
Event: 179.270 GC heap after
Heap after GC invocations=43 (full 5):
 PSYoungGen      total 1124352K, used 323578K [0x0000000755500000, 0x00000007bb180000, 0x0000000800000000)
  eden space 800768K, 0% used [0x0000000755500000,0x0000000755500000,0x0000000786300000)
  from space 323584K, 99% used [0x000000079df80000,0x00000007b1b7eb08,0x00000007b1b80000)
  to   space 389632K, 0% used [0x0000000786300000,0x0000000786300000,0x000000079df80000)
 ParOldGen       total 454144K, used 417195K [0x0000000600000000, 0x000000061bb80000, 0x0000000755500000)
  object space 454144K, 91% used [0x0000000600000000,0x000000061976ac88,0x000000061bb80000)
 PSPermGen       total 21504K, used 6186K [0x00000005f5a00000, 0x00000005f6f00000, 0x0000000600000000)
  object space 21504K, 28% used [0x00000005f5a00000,0x00000005f600a980,0x00000005f6f00000)
}
Event: 179.270 GC heap before
{Heap before GC invocations=44 (full 6):
 PSYoungGen      total 1124352K, used 323578K [0x0000000755500000, 0x00000007bb180000, 0x0000000800000000)
  eden space 800768K, 0% used [0x0000000755500000,0x0000000755500000,0x0000000786300000)
  from space 323584K, 99% used [0x000000079df80000,0x00000007b1b7eb08,0x00000007b1b80000)
  to   space 389632K, 0% used [0x0000000786300000,0x0000000786300000,0x000000079df80000)
 ParOldGen       total 454144K, used 417195K [0x0000000600000000, 0x000000061bb80000, 0x0000000755500000)
  object space 454144K, 91% used [0x0000000600000000,0x000000061976ac88,0x000000061bb80000)
 PSPermGen       total 21504K, used 6186K [0x00000005f5a00000, 0x00000005f6f00000, 0x0000000600000000)
  object space 21504K, 28% used [0x00000005f5a00000,0x00000005f600a980,0x00000005f6f00000)
Event: 192.063 GC heap after
Heap after GC invocations=44 (full 6):
 PSYoungGen      total 1124352K, used 236736K [0x0000000755500000, 0x00000007bb180000, 0x0000000800000000)
  eden space 800768K, 0% used [0x0000000755500000,0x0000000755500000,0x0000000786300000)
  from space 323584K, 73% used [0x000000079df80000,0x00000007ac6b0080,0x00000007b1b80000)
  to   space 389632K, 0% used [0x0000000786300000,0x0000000786300000,0x000000079df80000)
 ParOldGen       total 610304K, used 453638K [0x0000000600000000, 0x0000000625400000, 0x0000000755500000)
  object space 610304K, 74% used [0x0000000600000000,0x000000061bb01aa8,0x0000000625400000)
 PSPermGen       total 21504K, used 6186K [0x00000005f5a00000, 0x00000005f6f00000, 0x0000000600000000)
  object space 21504K, 28% used [0x00000005f5a00000,0x00000005f600a960,0x00000005f6f00000)
}
Event: 201.924 GC heap before
{Heap before GC invocations=45 (full 6):
 PSYoungGen      total 1124352K, used 1037504K [0x0000000755500000, 0x00000007bb180000, 0x0000000800000000)
  eden space 800768K, 100% used [0x0000000755500000,0x0000000786300000,0x0000000786300000)
  from space 323584K, 73% used [0x000000079df80000,0x00000007ac6b0080,0x00000007b1b80000)
  to   space 389632K, 0% used [0x0000000786300000,0x0000000786300000,0x000000079df80000)
 ParOldGen       total 610304K, used 453638K [0x0000000600000000, 0x0000000625400000, 0x0000000755500000)
  object space 610304K, 74% used [0x0000000600000000,0x000000061bb01aa8,0x0000000625400000)
 PSPermGen       total 21504K, used 6191K [0x00000005f5a00000, 0x00000005f6f00000, 0x0000000600000000)
  object space 21504K, 28% used [0x00000005f5a00000,0x00000005f600bdf0,0x00000005f6f00000)
Event: 207.013 GC heap after
Heap after GC invocations=45 (full 6):
 PSYoungGen      total 1190400K, used 317365K [0x0000000755500000, 0x00000007c3000000, 0x0000000800000000)
  eden space 800768K, 0% used [0x0000000755500000,0x0000000755500000,0x0000000786300000)
  from space 389632K, 81% used [0x0000000786300000,0x00000007998ed7d0,0x000000079df80000)
  to   space 428544K, 0% used [0x00000007a8d80000,0x00000007a8d80000,0x00000007c3000000)
 ParOldGen       total 610304K, used 476568K [0x0000000600000000, 0x0000000625400000, 0x0000000755500000)
  object space 610304K, 78% used [0x0000000600000000,0x000000061d166390,0x0000000625400000)
 PSPermGen       total 21504K, used 6191K [0x00000005f5a00000, 0x00000005f6f00000, 0x0000000600000000)
  object space 21504K, 28% used [0x00000005f5a00000,0x00000005f600bdf0,0x00000005f6f00000)
}
Event: 227.032 GC heap before
{Heap before GC invocations=46 (full 6):
 PSYoungGen      total 1190400K, used 1118133K [0x0000000755500000, 0x00000007c3000000, 0x0000000800000000)
  eden space 800768K, 100% used [0x0000000755500000,0x0000000786300000,0x0000000786300000)
  from space 389632K, 81% used [0x0000000786300000,0x00000007998ed7d0,0x000000079df80000)
  to   space 428544K, 0% used [0x00000007a8d80000,0x00000007a8d80000,0x00000007c3000000)
 ParOldGen       total 610304K, used 476568K [0x0000000600000000, 0x0000000625400000, 0x0000000755500000)
  object space 610304K, 78% used [0x0000000600000000,0x000000061d166390,0x0000000625400000)
 PSPermGen       total 21504K, used 6904K [0x00000005f5a00000, 0x00000005f6f00000, 0x0000000600000000)
  object space 21504K, 32% used [0x00000005f5a00000,0x00000005f60be370,0x00000005f6f00000)
Event: 233.438 GC heap after
Heap after GC invocations=46 (full 6):
 PSYoungGen      total 1345536K, used 297638K [0x0000000755500000, 0x00000007c5900000, 0x0000000800000000)
  eden space 916992K, 0% used [0x0000000755500000,0x0000000755500000,0x000000078d480000)
  from space 428544K, 69% used [0x00000007a8d80000,0x00000007bb029bc8,0x00000007c3000000)
  to   space 451584K, 0% used [0x000000078d480000,0x000000078d480000,0x00000007a8d80000)
 ParOldGen       total 610304K, used 491285K [0x0000000600000000, 0x0000000625400000, 0x0000000755500000)
  object space 610304K, 80% used [0x0000000600000000,0x000000061dfc55b8,0x0000000625400000)
 PSPermGen       total 21504K, used 6904K [0x00000005f5a00000, 0x00000005f6f00000, 0x0000000600000000)
  object space 21504K, 32% used [0x00000005f5a00000,0x00000005f60be370,0x00000005f6f00000)
}
Event: 235.755 GC heap before
{Heap before GC invocations=47 (full 6):
 PSYoungGen      total 1345536K, used 1214630K [0x0000000755500000, 0x00000007c5900000, 0x0000000800000000)
  eden space 916992K, 100% used [0x0000000755500000,0x000000078d480000,0x000000078d480000)
  from space 428544K, 69% used [0x00000007a8d80000,0x00000007bb029bc8,0x00000007c3000000)
  to   space 451584K, 0% used [0x000000078d480000,0x000000078d480000,0x00000007a8d80000)
 ParOldGen       total 610304K, used 491285K [0x0000000600000000, 0x0000000625400000, 0x0000000755500000)
  object space 610304K, 80% used [0x0000000600000000,0x000000061dfc55b8,0x0000000625400000)
 PSPermGen       total 21504K, used 6907K [0x00000005f5a00000, 0x00000005f6f00000, 0x0000000600000000)
  object space 21504K, 32% used [0x00000005f5a00000,0x00000005f60bef28,0x00000005f6f00000)

