# JRE version: Java(TM) SE Runtime Environment (7.0_79-b15) (build 1.7.0_79-b15)
# Java VM: Java HotSpot(TM) 64-Bit Server VM (24.79-b02 mixed mode windows-amd64 compressed oops)
Heap
 PSYoungGen      total 770560K, used 216561K [0x0000000755500000, 0x000000079b480000, 0x0000000800000000)
  eden space 553984K, 0% used [0x0000000755500000,0x0000000755500000,0x0000000777200000)
  from space 216576K, 99% used [0x0000000787900000,0x0000000794c7c550,0x0000000794c80000)
  to   space 269312K, 0% used [0x0000000777200000,0x0000000777200000,0x0000000787900000)
 ParOldGen       total 340992K, used 329855K [0x0000000600000000, 0x0000000614d00000, 0x0000000755500000)
  object space 340992K, 96% used [0x0000000600000000,0x000000061421ff10,0x0000000614d00000)
 PSPermGen       total 21504K, used 5913K [0x00000005fae00000, 0x00000005fc300000, 0x0000000600000000)
  object space 21504K, 27% used [0x00000005fae00000,0x00000005fb3c6598,0x00000005fc300000)
GC Heap History (10 events):
Event: 48.564 GC heap after
Heap after GC invocations=40 (full 4):
 PSYoungGen      total 621568K, used 104958K [0x0000000755500000, 0x0000000785200000, 0x0000000800000000)
  eden space 516608K, 0% used [0x0000000755500000,0x0000000755500000,0x0000000774d80000)
  from space 104960K, 99% used [0x000000077c580000,0x0000000782bff8f0,0x0000000782c00000)
  to   space 122880K, 0% used [0x0000000774d80000,0x0000000774d80000,0x000000077c580000)
 ParOldGen       total 340992K, used 228049K [0x0000000600000000, 0x0000000614d00000, 0x0000000755500000)
  object space 340992K, 66% used [0x0000000600000000,0x000000060deb4538,0x0000000614d00000)
 PSPermGen       total 21504K, used 5879K [0x00000005fae00000, 0x00000005fc300000, 0x0000000600000000)
  object space 21504K, 27% used [0x00000005fae00000,0x00000005fb3bdd78,0x00000005fc300000)
}
Event: 51.037 GC heap before
{Heap before GC invocations=41 (full 4):
 PSYoungGen      total 621568K, used 621566K [0x0000000755500000, 0x0000000785200000, 0x0000000800000000)
  eden space 516608K, 100% used [0x0000000755500000,0x0000000774d80000,0x0000000774d80000)
  from space 104960K, 99% used [0x000000077c580000,0x0000000782bff8f0,0x0000000782c00000)
  to   space 122880K, 0% used [0x0000000774d80000,0x0000000774d80000,0x000000077c580000)
 ParOldGen       total 340992K, used 228049K [0x0000000600000000, 0x0000000614d00000, 0x0000000755500000)
  object space 340992K, 66% used [0x0000000600000000,0x000000060deb4538,0x0000000614d00000)
 PSPermGen       total 21504K, used 5884K [0x00000005fae00000, 0x00000005fc300000, 0x0000000600000000)
  object space 21504K, 27% used [0x00000005fae00000,0x00000005fb3bf310,0x00000005fc300000)
Event: 51.358 GC heap after
Heap after GC invocations=41 (full 4):
 PSYoungGen      total 639488K, used 122857K [0x0000000755500000, 0x000000078a280000, 0x0000000800000000)
  eden space 516608K, 0% used [0x0000000755500000,0x0000000755500000,0x0000000774d80000)
  from space 122880K, 99% used [0x0000000774d80000,0x000000077c57a420,0x000000077c580000)
  to   space 150528K, 0% used [0x0000000780f80000,0x0000000780f80000,0x000000078a280000)
 ParOldGen       total 340992K, used 251450K [0x0000000600000000, 0x0000000614d00000, 0x0000000755500000)
  object space 340992K, 73% used [0x0000000600000000,0x000000060f58ea60,0x0000000614d00000)
 PSPermGen       total 21504K, used 5884K [0x00000005fae00000, 0x00000005fc300000, 0x0000000600000000)
  object space 21504K, 27% used [0x00000005fae00000,0x00000005fb3bf310,0x00000005fc300000)
}
Event: 52.853 GC heap before
{Heap before GC invocations=42 (full 4):
 PSYoungGen      total 639488K, used 639465K [0x0000000755500000, 0x000000078a280000, 0x0000000800000000)
  eden space 516608K, 100% used [0x0000000755500000,0x0000000774d80000,0x0000000774d80000)
  from space 122880K, 99% used [0x0000000774d80000,0x000000077c57a420,0x000000077c580000)
  to   space 150528K, 0% used [0x0000000780f80000,0x0000000780f80000,0x000000078a280000)
 ParOldGen       total 340992K, used 251450K [0x0000000600000000, 0x0000000614d00000, 0x0000000755500000)
  object space 340992K, 73% used [0x0000000600000000,0x000000060f58ea60,0x0000000614d00000)
 PSPermGen       total 21504K, used 5885K [0x00000005fae00000, 0x00000005fc300000, 0x0000000600000000)
  object space 21504K, 27% used [0x00000005fae00000,0x00000005fb3bf718,0x00000005fc300000)
Event: 57.408 GC heap after
Heap after GC invocations=42 (full 4):
 PSYoungGen      total 684032K, used 150511K [0x0000000755500000, 0x000000078fd80000, 0x0000000800000000)
  eden space 533504K, 0% used [0x0000000755500000,0x0000000755500000,0x0000000775e00000)
  from space 150528K, 99% used [0x0000000780f80000,0x000000078a27bf80,0x000000078a280000)
  to   space 181760K, 0% used [0x0000000775e00000,0x0000000775e00000,0x0000000780f80000)
 ParOldGen       total 340992K, used 270743K [0x0000000600000000, 0x0000000614d00000, 0x0000000755500000)
  object space 340992K, 79% used [0x0000000600000000,0x0000000610865f90,0x0000000614d00000)
 PSPermGen       total 21504K, used 5885K [0x00000005fae00000, 0x00000005fc300000, 0x0000000600000000)
  object space 21504K, 27% used [0x00000005fae00000,0x00000005fb3bf718,0x00000005fc300000)
}
Event: 171.991 GC heap before
{Heap before GC invocations=43 (full 4):
 PSYoungGen      total 684032K, used 684015K [0x0000000755500000, 0x000000078fd80000, 0x0000000800000000)
  eden space 533504K, 100% used [0x0000000755500000,0x0000000775e00000,0x0000000775e00000)
  from space 150528K, 99% used [0x0000000780f80000,0x000000078a27bf80,0x000000078a280000)
  to   space 181760K, 0% used [0x0000000775e00000,0x0000000775e00000,0x0000000780f80000)
 ParOldGen       total 340992K, used 270743K [0x0000000600000000, 0x0000000614d00000, 0x0000000755500000)
  object space 340992K, 79% used [0x0000000600000000,0x0000000610865f90,0x0000000614d00000)
 PSPermGen       total 21504K, used 5888K [0x00000005fae00000, 0x00000005fc300000, 0x0000000600000000)
  object space 21504K, 27% used [0x00000005fae00000,0x00000005fb3c0208,0x00000005fc300000)
Event: 175.463 GC heap after
Heap after GC invocations=43 (full 4):
 PSYoungGen      total 715264K, used 181756K [0x0000000755500000, 0x0000000794c80000, 0x0000000800000000)
  eden space 533504K, 0% used [0x0000000755500000,0x0000000755500000,0x0000000775e00000)
  from space 181760K, 99% used [0x0000000775e00000,0x0000000780f7f008,0x0000000780f80000)
  to   space 216576K, 0% used [0x0000000787900000,0x0000000787900000,0x0000000794c80000)
 ParOldGen       total 340992K, used 284052K [0x0000000600000000, 0x0000000614d00000, 0x0000000755500000)
  object space 340992K, 83% used [0x0000000600000000,0x0000000611565350,0x0000000614d00000)
 PSPermGen       total 21504K, used 5888K [0x00000005fae00000, 0x00000005fc300000, 0x0000000600000000)
  object space 21504K, 27% used [0x00000005fae00000,0x00000005fb3c0208,0x00000005fc300000)
}
Event: 181.572 GC heap before
{Heap before GC invocations=44 (full 4):
 PSYoungGen      total 715264K, used 715260K [0x0000000755500000, 0x0000000794c80000, 0x0000000800000000)
  eden space 533504K, 100% used [0x0000000755500000,0x0000000775e00000,0x0000000775e00000)
  from space 181760K, 99% used [0x0000000775e00000,0x0000000780f7f008,0x0000000780f80000)
  to   space 216576K, 0% used [0x0000000787900000,0x0000000787900000,0x0000000794c80000)
 ParOldGen       total 340992K, used 284052K [0x0000000600000000, 0x0000000614d00000, 0x0000000755500000)
  object space 340992K, 83% used [0x0000000600000000,0x0000000611565350,0x0000000614d00000)
 PSPermGen       total 21504K, used 5913K [0x00000005fae00000, 0x00000005fc300000, 0x0000000600000000)
  object space 21504K, 27% used [0x00000005fae00000,0x00000005fb3c6598,0x00000005fc300000)
Event: 183.428 GC heap after
Heap after GC invocations=44 (full 4):
 PSYoungGen      total 770560K, used 216561K [0x0000000755500000, 0x000000079b480000, 0x0000000800000000)
  eden space 553984K, 0% used [0x0000000755500000,0x0000000755500000,0x0000000777200000)
  from space 216576K, 99% used [0x0000000787900000,0x0000000794c7c550,0x0000000794c80000)
  to   space 269312K, 0% used [0x0000000777200000,0x0000000777200000,0x0000000787900000)
 ParOldGen       total 340992K, used 329855K [0x0000000600000000, 0x0000000614d00000, 0x0000000755500000)
  object space 340992K, 96% used [0x0000000600000000,0x000000061421ff10,0x0000000614d00000)
 PSPermGen       total 21504K, used 5913K [0x00000005fae00000, 0x00000005fc300000, 0x0000000600000000)
  object space 21504K, 27% used [0x00000005fae00000,0x00000005fb3c6598,0x00000005fc300000)
}
Event: 183.495 GC heap before
{Heap before GC invocations=45 (full 5):
 PSYoungGen      total 770560K, used 216561K [0x0000000755500000, 0x000000079b480000, 0x0000000800000000)
  eden space 553984K, 0% used [0x0000000755500000,0x0000000755500000,0x0000000777200000)
  from space 216576K, 99% used [0x0000000787900000,0x0000000794c7c550,0x0000000794c80000)
  to   space 269312K, 0% used [0x0000000777200000,0x0000000777200000,0x0000000787900000)
 ParOldGen       total 340992K, used 329855K [0x0000000600000000, 0x0000000614d00000, 0x0000000755500000)
  object space 340992K, 96% used [0x0000000600000000,0x000000061421ff10,0x0000000614d00000)
 PSPermGen       total 21504K, used 5913K [0x00000005fae00000, 0x00000005fc300000, 0x0000000600000000)
  object space 21504K, 27% used [0x00000005fae00000,0x00000005fb3c6598,0x00000005fc300000)

