# JRE version: OpenJDK Runtime Environment (7.0_79-b14) (build 1.7.0_79-b14)
# Java VM: OpenJDK 64-Bit Server VM (24.79-b02 mixed mode linux-amd64 compressed oops)
Heap
 PSYoungGen      total 1238016K, used 439266K [0x0000000755500000, 0x00000007c2180000, 0x0000000800000000)
  eden space 798720K, 0% used [0x0000000755500000,0x0000000755500000,0x0000000786100000)
  from space 439296K, 99% used [0x00000007a7480000,0x00000007c21789a8,0x00000007c2180000)
  to   space 396800K, 0% used [0x0000000786100000,0x0000000786100000,0x000000079e480000)
 ParOldGen       total 611328K, used 462345K [0x0000000600000000, 0x0000000625500000, 0x0000000755500000)
  object space 611328K, 75% used [0x0000000600000000,0x000000061c382510,0x0000000625500000)
 PSPermGen       total 21504K, used 6911K [0x00000005f5a00000, 0x00000005f6f00000, 0x0000000600000000)
  object space 21504K, 32% used [0x00000005f5a00000,0x00000005f60bfd00,0x00000005f6f00000)
GC Heap History (10 events):
Event: 71.259 GC heap after
Heap after GC invocations=43 (full 5):
 PSYoungGen      total 990720K, used 239603K [0x0000000755500000, 0x00000007ac600000, 0x0000000800000000)
  eden space 751104K, 0% used [0x0000000755500000,0x0000000755500000,0x0000000783280000)
  from space 239616K, 99% used [0x0000000795700000,0x00000007a40fcf60,0x00000007a4100000)
  to   space 299520K, 0% used [0x0000000783280000,0x0000000783280000,0x0000000795700000)
 ParOldGen       total 445952K, used 423500K [0x0000000600000000, 0x000000061b380000, 0x0000000755500000)
  object space 445952K, 94% used [0x0000000600000000,0x0000000619d93298,0x000000061b380000)
 PSPermGen       total 21504K, used 6188K [0x00000005f5a00000, 0x00000005f6f00000, 0x0000000600000000)
  object space 21504K, 28% used [0x00000005f5a00000,0x00000005f600b210,0x00000005f6f00000)
}
Event: 71.259 GC heap before
{Heap before GC invocations=44 (full 6):
 PSYoungGen      total 990720K, used 239603K [0x0000000755500000, 0x00000007ac600000, 0x0000000800000000)
  eden space 751104K, 0% used [0x0000000755500000,0x0000000755500000,0x0000000783280000)
  from space 239616K, 99% used [0x0000000795700000,0x00000007a40fcf60,0x00000007a4100000)
  to   space 299520K, 0% used [0x0000000783280000,0x0000000783280000,0x0000000795700000)
 ParOldGen       total 445952K, used 423500K [0x0000000600000000, 0x000000061b380000, 0x0000000755500000)
  object space 445952K, 94% used [0x0000000600000000,0x0000000619d93298,0x000000061b380000)
 PSPermGen       total 21504K, used 6188K [0x00000005f5a00000, 0x00000005f6f00000, 0x0000000600000000)
  object space 21504K, 28% used [0x00000005f5a00000,0x00000005f600b210,0x00000005f6f00000)
Event: 77.680 GC heap after
Heap after GC invocations=44 (full 6):
 PSYoungGen      total 990720K, used 201831K [0x0000000755500000, 0x00000007ac600000, 0x0000000800000000)
  eden space 751104K, 0% used [0x0000000755500000,0x0000000755500000,0x0000000783280000)
  from space 239616K, 84% used [0x0000000795700000,0x00000007a1c19cb0,0x00000007a4100000)
  to   space 299520K, 0% used [0x0000000783280000,0x0000000783280000,0x0000000795700000)
 ParOldGen       total 611328K, used 445701K [0x0000000600000000, 0x0000000625500000, 0x0000000755500000)
  object space 611328K, 72% used [0x0000000600000000,0x000000061b341570,0x0000000625500000)
 PSPermGen       total 21504K, used 6188K [0x00000005f5a00000, 0x00000005f6f00000, 0x0000000600000000)
  object space 21504K, 28% used [0x00000005f5a00000,0x00000005f600b1f0,0x00000005f6f00000)
}
Event: 98.607 GC heap before
{Heap before GC invocations=45 (full 6):
 PSYoungGen      total 990720K, used 952935K [0x0000000755500000, 0x00000007ac600000, 0x0000000800000000)
  eden space 751104K, 100% used [0x0000000755500000,0x0000000783280000,0x0000000783280000)
  from space 239616K, 84% used [0x0000000795700000,0x00000007a1c19cb0,0x00000007a4100000)
  to   space 299520K, 0% used [0x0000000783280000,0x0000000783280000,0x0000000795700000)
 ParOldGen       total 611328K, used 445701K [0x0000000600000000, 0x0000000625500000, 0x0000000755500000)
  object space 611328K, 72% used [0x0000000600000000,0x000000061b341570,0x0000000625500000)
 PSPermGen       total 21504K, used 6189K [0x00000005f5a00000, 0x00000005f6f00000, 0x0000000600000000)
  object space 21504K, 28% used [0x00000005f5a00000,0x00000005f600b570,0x00000005f6f00000)
Event: 99.352 GC heap after
Heap after GC invocations=45 (full 6):
 PSYoungGen      total 1050624K, used 298498K [0x0000000755500000, 0x00000007b3900000, 0x0000000800000000)
  eden space 751104K, 0% used [0x0000000755500000,0x0000000755500000,0x0000000783280000)
  from space 299520K, 99% used [0x0000000783280000,0x00000007956008c8,0x0000000795700000)
  to   space 348672K, 0% used [0x000000079e480000,0x000000079e480000,0x00000007b3900000)
 ParOldGen       total 611328K, used 445717K [0x0000000600000000, 0x0000000625500000, 0x0000000755500000)
  object space 611328K, 72% used [0x0000000600000000,0x000000061b345570,0x0000000625500000)
 PSPermGen       total 21504K, used 6189K [0x00000005f5a00000, 0x00000005f6f00000, 0x0000000600000000)
  object space 21504K, 28% used [0x00000005f5a00000,0x00000005f600b570,0x00000005f6f00000)
}
Event: 105.268 GC heap before
{Heap before GC invocations=46 (full 6):
 PSYoungGen      total 1050624K, used 1049602K [0x0000000755500000, 0x00000007b3900000, 0x0000000800000000)
  eden space 751104K, 100% used [0x0000000755500000,0x0000000783280000,0x0000000783280000)
  from space 299520K, 99% used [0x0000000783280000,0x00000007956008c8,0x0000000795700000)
  to   space 348672K, 0% used [0x000000079e480000,0x000000079e480000,0x00000007b3900000)
 ParOldGen       total 611328K, used 445717K [0x0000000600000000, 0x0000000625500000, 0x0000000755500000)
  object space 611328K, 72% used [0x0000000600000000,0x000000061b345570,0x0000000625500000)
 PSPermGen       total 21504K, used 6462K [0x00000005f5a00000, 0x00000005f6f00000, 0x0000000600000000)
  object space 21504K, 30% used [0x00000005f5a00000,0x00000005f604fa28,0x00000005f6f00000)
Event: 119.677 GC heap after
Heap after GC invocations=46 (full 6):
 PSYoungGen      total 1147392K, used 321219K [0x0000000755500000, 0x00000007baa80000, 0x0000000800000000)
  eden space 798720K, 0% used [0x0000000755500000,0x0000000755500000,0x0000000786100000)
  from space 348672K, 92% used [0x000000079e480000,0x00000007b1e30eb0,0x00000007b3900000)
  to   space 396800K, 0% used [0x0000000786100000,0x0000000786100000,0x000000079e480000)
 ParOldGen       total 611328K, used 445725K [0x0000000600000000, 0x0000000625500000, 0x0000000755500000)
  object space 611328K, 72% used [0x0000000600000000,0x000000061b347570,0x0000000625500000)
 PSPermGen       total 21504K, used 6462K [0x00000005f5a00000, 0x00000005f6f00000, 0x0000000600000000)
  object space 21504K, 30% used [0x00000005f5a00000,0x00000005f604fa28,0x00000005f6f00000)
}
Event: 128.966 GC heap before
{Heap before GC invocations=47 (full 6):
 PSYoungGen      total 1147392K, used 1119939K [0x0000000755500000, 0x00000007baa80000, 0x0000000800000000)
  eden space 798720K, 100% used [0x0000000755500000,0x0000000786100000,0x0000000786100000)
  from space 348672K, 92% used [0x000000079e480000,0x00000007b1e30eb0,0x00000007b3900000)
  to   space 396800K, 0% used [0x0000000786100000,0x0000000786100000,0x000000079e480000)
 ParOldGen       total 611328K, used 445725K [0x0000000600000000, 0x0000000625500000, 0x0000000755500000)
  object space 611328K, 72% used [0x0000000600000000,0x000000061b347570,0x0000000625500000)
 PSPermGen       total 21504K, used 6909K [0x00000005f5a00000, 0x00000005f6f00000, 0x0000000600000000)
  object space 21504K, 32% used [0x00000005f5a00000,0x00000005f60bf750,0x00000005f6f00000)
Event: 131.705 GC heap after
Heap after GC invocations=47 (full 6):
 PSYoungGen      total 1195520K, used 334289K [0x0000000755500000, 0x00000007c2180000, 0x0000000800000000)
  eden space 798720K, 0% used [0x0000000755500000,0x0000000755500000,0x0000000786100000)
  from space 396800K, 84% used [0x0000000786100000,0x000000079a7746e8,0x000000079e480000)
  to   space 439296K, 0% used [0x00000007a7480000,0x00000007a7480000,0x00000007c2180000)
 ParOldGen       total 611328K, used 453580K [0x0000000600000000, 0x0000000625500000, 0x0000000755500000)
  object space 611328K, 74% used [0x0000000600000000,0x000000061baf32f0,0x0000000625500000)
 PSPermGen       total 21504K, used 6909K [0x00000005f5a00000, 0x00000005f6f00000, 0x0000000600000000)
  object space 21504K, 32% used [0x00000005f5a00000,0x00000005f60bf750,0x00000005f6f00000)
}
Event: 133.723 GC heap before
{Heap before GC invocations=48 (full 6):
 PSYoungGen      total 1195520K, used 1133009K [0x0000000755500000, 0x00000007c2180000, 0x0000000800000000)
  eden space 798720K, 100% used [0x0000000755500000,0x0000000786100000,0x0000000786100000)
  from space 396800K, 84% used [0x0000000786100000,0x000000079a7746e8,0x000000079e480000)
  to   space 439296K, 0% used [0x00000007a7480000,0x00000007a7480000,0x00000007c2180000)
 ParOldGen       total 611328K, used 453580K [0x0000000600000000, 0x0000000625500000, 0x0000000755500000)
  object space 611328K, 74% used [0x0000000600000000,0x000000061baf32f0,0x0000000625500000)
 PSPermGen       total 21504K, used 6911K [0x00000005f5a00000, 0x00000005f6f00000, 0x0000000600000000)
  object space 21504K, 32% used [0x00000005f5a00000,0x00000005f60bfd00,0x00000005f6f00000)

