# JRE version: OpenJDK Runtime Environment (7.0_79-b14) (build 1.7.0_79-b14)
# Java VM: OpenJDK 64-Bit Server VM (24.79-b02 mixed mode linux-amd64 compressed oops)
Heap
 PSYoungGen      total 1218048K, used 53429K [0x0000000755500000, 0x00000007a7780000, 0x0000000800000000)
  eden space 1125888K, 0% used [0x0000000755500000,0x0000000755500000,0x000000079a080000)
  from space 92160K, 57% used [0x00000007a0180000,0x00000007a35ad5d8,0x00000007a5b80000)
  to   space 99328K, 0% used [0x000000079a080000,0x000000079a080000,0x00000007a0180000)
 ParOldGen       total 316928K, used 316545K [0x0000000600000000, 0x0000000613580000, 0x0000000755500000)
  object space 316928K, 99% used [0x0000000600000000,0x0000000613520630,0x0000000613580000)
 PSPermGen       total 21504K, used 6094K [0x00000005f5a00000, 0x00000005f6f00000, 0x0000000600000000)
  object space 21504K, 28% used [0x00000005f5a00000,0x00000005f5ff3af8,0x00000005f6f00000)
GC Heap History (10 events):
Event: 117.369 GC heap after
Heap after GC invocations=31 (full 4):
 PSYoungGen      total 875520K, used 38561K [0x0000000755500000, 0x0000000797080000, 0x0000000800000000)
  eden space 819200K, 0% used [0x0000000755500000,0x0000000755500000,0x0000000787500000)
  from space 56320K, 68% used [0x0000000787500000,0x0000000789aa87f0,0x000000078ac00000)
  to   space 57344K, 0% used [0x0000000793880000,0x0000000793880000,0x0000000797080000)
 ParOldGen       total 228352K, used 162254K [0x0000000600000000, 0x000000060df00000, 0x0000000755500000)
  object space 228352K, 71% used [0x0000000600000000,0x0000000609e73b90,0x000000060df00000)
 PSPermGen       total 21504K, used 6057K [0x00000005f5a00000, 0x00000005f6f00000, 0x0000000600000000)
  object space 21504K, 28% used [0x00000005f5a00000,0x00000005f5fea4c0,0x00000005f6f00000)
}
Event: 123.032 GC heap before
{Heap before GC invocations=32 (full 4):
 PSYoungGen      total 875520K, used 857761K [0x0000000755500000, 0x0000000797080000, 0x0000000800000000)
  eden space 819200K, 100% used [0x0000000755500000,0x0000000787500000,0x0000000787500000)
  from space 56320K, 68% used [0x0000000787500000,0x0000000789aa87f0,0x000000078ac00000)
  to   space 57344K, 0% used [0x0000000793880000,0x0000000793880000,0x0000000797080000)
 ParOldGen       total 228352K, used 162254K [0x0000000600000000, 0x000000060df00000, 0x0000000755500000)
  object space 228352K, 71% used [0x0000000600000000,0x0000000609e73b90,0x000000060df00000)
 PSPermGen       total 21504K, used 6073K [0x00000005f5a00000, 0x00000005f6f00000, 0x0000000600000000)
  object space 21504K, 28% used [0x00000005f5a00000,0x00000005f5fee518,0x00000005f6f00000)
Event: 141.846 GC heap after
Heap after GC invocations=32 (full 4):
 PSYoungGen      total 990208K, used 57331K [0x0000000755500000, 0x000000079c280000, 0x0000000800000000)
  eden space 932864K, 0% used [0x0000000755500000,0x0000000755500000,0x000000078e400000)
  from space 57344K, 99% used [0x0000000793880000,0x000000079707cf20,0x0000000797080000)
  to   space 86528K, 0% used [0x000000078e400000,0x000000078e400000,0x0000000793880000)
 ParOldGen       total 228352K, used 219628K [0x0000000600000000, 0x000000060df00000, 0x0000000755500000)
  object space 228352K, 96% used [0x0000000600000000,0x000000060d67b1f0,0x000000060df00000)
 PSPermGen       total 21504K, used 6073K [0x00000005f5a00000, 0x00000005f6f00000, 0x0000000600000000)
  object space 21504K, 28% used [0x00000005f5a00000,0x00000005f5fee518,0x00000005f6f00000)
}
Event: 141.846 GC heap before
{Heap before GC invocations=33 (full 5):
 PSYoungGen      total 990208K, used 57331K [0x0000000755500000, 0x000000079c280000, 0x0000000800000000)
  eden space 932864K, 0% used [0x0000000755500000,0x0000000755500000,0x000000078e400000)
  from space 57344K, 99% used [0x0000000793880000,0x000000079707cf20,0x0000000797080000)
  to   space 86528K, 0% used [0x000000078e400000,0x000000078e400000,0x0000000793880000)
 ParOldGen       total 228352K, used 219628K [0x0000000600000000, 0x000000060df00000, 0x0000000755500000)
  object space 228352K, 96% used [0x0000000600000000,0x000000060d67b1f0,0x000000060df00000)
 PSPermGen       total 21504K, used 6073K [0x00000005f5a00000, 0x00000005f6f00000, 0x0000000600000000)
  object space 21504K, 28% used [0x00000005f5a00000,0x00000005f5fee518,0x00000005f6f00000)
Event: 148.490 GC heap after
Heap after GC invocations=33 (full 5):
 PSYoungGen      total 990208K, used 9166K [0x0000000755500000, 0x000000079c280000, 0x0000000800000000)
  eden space 932864K, 0% used [0x0000000755500000,0x0000000755500000,0x000000078e400000)
  from space 57344K, 15% used [0x0000000793880000,0x0000000794173b50,0x0000000797080000)
  to   space 86528K, 0% used [0x000000078e400000,0x000000078e400000,0x0000000793880000)
 ParOldGen       total 316928K, used 228212K [0x0000000600000000, 0x0000000613580000, 0x0000000755500000)
  object space 316928K, 72% used [0x0000000600000000,0x000000060dedd0e0,0x0000000613580000)
 PSPermGen       total 21504K, used 6073K [0x00000005f5a00000, 0x00000005f6f00000, 0x0000000600000000)
  object space 21504K, 28% used [0x00000005f5a00000,0x00000005f5fee458,0x00000005f6f00000)
}
Event: 168.599 GC heap before
{Heap before GC invocations=34 (full 5):
 PSYoungGen      total 990208K, used 942030K [0x0000000755500000, 0x000000079c280000, 0x0000000800000000)
  eden space 932864K, 100% used [0x0000000755500000,0x000000078e400000,0x000000078e400000)
  from space 57344K, 15% used [0x0000000793880000,0x0000000794173b50,0x0000000797080000)
  to   space 86528K, 0% used [0x000000078e400000,0x000000078e400000,0x0000000793880000)
 ParOldGen       total 316928K, used 228212K [0x0000000600000000, 0x0000000613580000, 0x0000000755500000)
  object space 316928K, 72% used [0x0000000600000000,0x000000060dedd0e0,0x0000000613580000)
 PSPermGen       total 21504K, used 6084K [0x00000005f5a00000, 0x00000005f6f00000, 0x0000000600000000)
  object space 21504K, 28% used [0x00000005f5a00000,0x00000005f5ff1120,0x00000005f6f00000)
Event: 205.164 GC heap after
Heap after GC invocations=34 (full 5):
 PSYoungGen      total 1019392K, used 66423K [0x0000000755500000, 0x00000007a5b80000, 0x0000000800000000)
  eden space 932864K, 0% used [0x0000000755500000,0x0000000755500000,0x000000078e400000)
  from space 86528K, 76% used [0x000000078e400000,0x00000007924dde90,0x0000000793880000)
  to   space 92160K, 0% used [0x00000007a0180000,0x00000007a0180000,0x00000007a5b80000)
 ParOldGen       total 316928K, used 237498K [0x0000000600000000, 0x0000000613580000, 0x0000000755500000)
  object space 316928K, 74% used [0x0000000600000000,0x000000060e7eeb18,0x0000000613580000)
 PSPermGen       total 21504K, used 6084K [0x00000005f5a00000, 0x00000005f6f00000, 0x0000000600000000)
  object space 21504K, 28% used [0x00000005f5a00000,0x00000005f5ff1120,0x00000005f6f00000)
}
Event: 208.902 GC heap before
{Heap before GC invocations=35 (full 5):
 PSYoungGen      total 1019392K, used 999287K [0x0000000755500000, 0x00000007a5b80000, 0x0000000800000000)
  eden space 932864K, 100% used [0x0000000755500000,0x000000078e400000,0x000000078e400000)
  from space 86528K, 76% used [0x000000078e400000,0x00000007924dde90,0x0000000793880000)
  to   space 92160K, 0% used [0x00000007a0180000,0x00000007a0180000,0x00000007a5b80000)
 ParOldGen       total 316928K, used 237498K [0x0000000600000000, 0x0000000613580000, 0x0000000755500000)
  object space 316928K, 74% used [0x0000000600000000,0x000000060e7eeb18,0x0000000613580000)
 PSPermGen       total 21504K, used 6094K [0x00000005f5a00000, 0x00000005f6f00000, 0x0000000600000000)
  object space 21504K, 28% used [0x00000005f5a00000,0x00000005f5ff3b38,0x00000005f6f00000)
Event: 286.002 GC heap after
Heap after GC invocations=35 (full 5):
 PSYoungGen      total 1218048K, used 72796K [0x0000000755500000, 0x00000007a7780000, 0x0000000800000000)
  eden space 1125888K, 0% used [0x0000000755500000,0x0000000755500000,0x000000079a080000)
  from space 92160K, 78% used [0x00000007a0180000,0x00000007a48971e8,0x00000007a5b80000)
  to   space 99328K, 0% used [0x000000079a080000,0x000000079a080000,0x00000007a0180000)
 ParOldGen       total 316928K, used 302162K [0x0000000600000000, 0x0000000613580000, 0x0000000755500000)
  object space 316928K, 95% used [0x0000000600000000,0x0000000612714b08,0x0000000613580000)
 PSPermGen       total 21504K, used 6094K [0x00000005f5a00000, 0x00000005f6f00000, 0x0000000600000000)
  object space 21504K, 28% used [0x00000005f5a00000,0x00000005f5ff3b38,0x00000005f6f00000)
}
Event: 286.157 GC heap before
{Heap before GC invocations=36 (full 6):
 PSYoungGen      total 1218048K, used 72796K [0x0000000755500000, 0x00000007a7780000, 0x0000000800000000)
  eden space 1125888K, 0% used [0x0000000755500000,0x0000000755500000,0x000000079a080000)
  from space 92160K, 78% used [0x00000007a0180000,0x00000007a48971e8,0x00000007a5b80000)
  to   space 99328K, 0% used [0x000000079a080000,0x000000079a080000,0x00000007a0180000)
 ParOldGen       total 316928K, used 302162K [0x0000000600000000, 0x0000000613580000, 0x0000000755500000)
  object space 316928K, 95% used [0x0000000600000000,0x0000000612714b08,0x0000000613580000)
 PSPermGen       total 21504K, used 6094K [0x00000005f5a00000, 0x00000005f6f00000, 0x0000000600000000)
  object space 21504K, 28% used [0x00000005f5a00000,0x00000005f5ff3b38,0x00000005f6f00000)

