# JRE version: OpenJDK Runtime Environment (7.0_79-b14) (build 1.7.0_79-b14)
# Java VM: OpenJDK 64-Bit Server VM (24.79-b02 mixed mode linux-amd64 compressed oops)
Heap
 PSYoungGen      total 1660928K, used 209140K [0x0000000755500000, 0x00000007d1580000, 0x0000000800000000)
  eden space 1315328K, 0% used [0x0000000755500000,0x0000000755500000,0x00000007a5980000)
  from space 345600K, 60% used [0x00000007a5980000,0x00000007b25bd0a8,0x00000007bab00000)
  to   space 333824K, 0% used [0x00000007bab00000,0x00000007bab00000,0x00000007cf100000)
 ParOldGen       total 856064K, used 855419K [0x0000000600000000, 0x0000000634400000, 0x0000000755500000)
  object space 856064K, 99% used [0x0000000600000000,0x000000063435ee38,0x0000000634400000)
 PSPermGen       total 21504K, used 6912K [0x00000005f5a00000, 0x00000005f6f00000, 0x0000000600000000)
  object space 21504K, 32% used [0x00000005f5a00000,0x00000005f60c0060,0x00000005f6f00000)
GC Heap History (10 events):
Event: 74.407 GC heap after
Heap after GC invocations=39 (full 6):
 PSYoungGen      total 1185280K, used 155441K [0x0000000755500000, 0x00000007bb580000, 0x0000000800000000)
  eden space 1017856K, 0% used [0x0000000755500000,0x0000000755500000,0x0000000793700000)
  from space 167424K, 92% used [0x0000000793700000,0x000000079cecc510,0x000000079da80000)
  to   space 245760K, 0% used [0x00000007ac580000,0x00000007ac580000,0x00000007bb580000)
 ParOldGen       total 574976K, used 410300K [0x0000000600000000, 0x0000000623180000, 0x0000000755500000)
  object space 574976K, 71% used [0x0000000600000000,0x00000006190af3d0,0x0000000623180000)
 PSPermGen       total 21504K, used 6180K [0x00000005f5a00000, 0x00000005f6f00000, 0x0000000600000000)
  object space 21504K, 28% used [0x00000005f5a00000,0x00000005f6009358,0x00000005f6f00000)
}
Event: 78.128 GC heap before
{Heap before GC invocations=40 (full 6):
 PSYoungGen      total 1185280K, used 1173297K [0x0000000755500000, 0x00000007bb580000, 0x0000000800000000)
  eden space 1017856K, 100% used [0x0000000755500000,0x0000000793700000,0x0000000793700000)
  from space 167424K, 92% used [0x0000000793700000,0x000000079cecc510,0x000000079da80000)
  to   space 245760K, 0% used [0x00000007ac580000,0x00000007ac580000,0x00000007bb580000)
 ParOldGen       total 574976K, used 410300K [0x0000000600000000, 0x0000000623180000, 0x0000000755500000)
  object space 574976K, 71% used [0x0000000600000000,0x00000006190af3d0,0x0000000623180000)
 PSPermGen       total 21504K, used 6187K [0x00000005f5a00000, 0x00000005f6f00000, 0x0000000600000000)
  object space 21504K, 28% used [0x00000005f5a00000,0x00000005f600ae10,0x00000005f6f00000)
Event: 104.001 GC heap after
Heap after GC invocations=40 (full 6):
 PSYoungGen      total 1361408K, used 245752K [0x0000000755500000, 0x00000007c4880000, 0x0000000800000000)
  eden space 1115648K, 0% used [0x0000000755500000,0x0000000755500000,0x0000000799680000)
  from space 245760K, 99% used [0x00000007ac580000,0x00000007bb57e1a8,0x00000007bb580000)
  to   space 310272K, 0% used [0x0000000799680000,0x0000000799680000,0x00000007ac580000)
 ParOldGen       total 574976K, used 466541K [0x0000000600000000, 0x0000000623180000, 0x0000000755500000)
  object space 574976K, 81% used [0x0000000600000000,0x000000061c79b560,0x0000000623180000)
 PSPermGen       total 21504K, used 6187K [0x00000005f5a00000, 0x00000005f6f00000, 0x0000000600000000)
  object space 21504K, 28% used [0x00000005f5a00000,0x00000005f600ae10,0x00000005f6f00000)
}
Event: 116.097 GC heap before
{Heap before GC invocations=41 (full 6):
 PSYoungGen      total 1361408K, used 1361400K [0x0000000755500000, 0x00000007c4880000, 0x0000000800000000)
  eden space 1115648K, 100% used [0x0000000755500000,0x0000000799680000,0x0000000799680000)
  from space 245760K, 99% used [0x00000007ac580000,0x00000007bb57e1a8,0x00000007bb580000)
  to   space 310272K, 0% used [0x0000000799680000,0x0000000799680000,0x00000007ac580000)
 ParOldGen       total 574976K, used 466541K [0x0000000600000000, 0x0000000623180000, 0x0000000755500000)
  object space 574976K, 81% used [0x0000000600000000,0x000000061c79b560,0x0000000623180000)
 PSPermGen       total 21504K, used 6452K [0x00000005f5a00000, 0x00000005f6f00000, 0x0000000600000000)
  object space 21504K, 30% used [0x00000005f5a00000,0x00000005f604d288,0x00000005f6f00000)
Event: 140.123 GC heap after
Heap after GC invocations=41 (full 6):
 PSYoungGen      total 1425920K, used 225630K [0x0000000755500000, 0x00000007cf100000, 0x0000000800000000)
  eden space 1115648K, 0% used [0x0000000755500000,0x0000000755500000,0x0000000799680000)
  from space 310272K, 72% used [0x0000000799680000,0x00000007a72d7ab8,0x00000007ac580000)
  to   space 333824K, 0% used [0x00000007bab00000,0x00000007bab00000,0x00000007cf100000)
 ParOldGen       total 578560K, used 578460K [0x0000000600000000, 0x0000000623500000, 0x0000000755500000)
  object space 578560K, 99% used [0x0000000600000000,0x00000006234e7050,0x0000000623500000)
 PSPermGen       total 21504K, used 6452K [0x00000005f5a00000, 0x00000005f6f00000, 0x0000000600000000)
  object space 21504K, 30% used [0x00000005f5a00000,0x00000005f604d288,0x00000005f6f00000)
}
Event: 140.123 GC heap before
{Heap before GC invocations=42 (full 7):
 PSYoungGen      total 1425920K, used 225630K [0x0000000755500000, 0x00000007cf100000, 0x0000000800000000)
  eden space 1115648K, 0% used [0x0000000755500000,0x0000000755500000,0x0000000799680000)
  from space 310272K, 72% used [0x0000000799680000,0x00000007a72d7ab8,0x00000007ac580000)
  to   space 333824K, 0% used [0x00000007bab00000,0x00000007bab00000,0x00000007cf100000)
 ParOldGen       total 578560K, used 578460K [0x0000000600000000, 0x0000000623500000, 0x0000000755500000)
  object space 578560K, 99% used [0x0000000600000000,0x00000006234e7050,0x0000000623500000)
 PSPermGen       total 21504K, used 6452K [0x00000005f5a00000, 0x00000005f6f00000, 0x0000000600000000)
  object space 21504K, 30% used [0x00000005f5a00000,0x00000005f604d288,0x00000005f6f00000)
Event: 146.905 GC heap after
Heap after GC invocations=42 (full 7):
 PSYoungGen      total 1425920K, used 149729K [0x0000000755500000, 0x00000007cf100000, 0x0000000800000000)
  eden space 1115648K, 0% used [0x0000000755500000,0x0000000755500000,0x0000000799680000)
  from space 310272K, 48% used [0x0000000799680000,0x00000007a28b87d8,0x00000007ac580000)
  to   space 333824K, 0% used [0x00000007bab00000,0x00000007bab00000,0x00000007cf100000)
 ParOldGen       total 778752K, used 578275K [0x0000000600000000, 0x000000062f880000, 0x0000000755500000)
  object space 778752K, 74% used [0x0000000600000000,0x00000006234b8fd8,0x000000062f880000)
 PSPermGen       total 21504K, used 6451K [0x00000005f5a00000, 0x00000005f6f00000, 0x0000000600000000)
  object space 21504K, 30% used [0x00000005f5a00000,0x00000005f604ce38,0x00000005f6f00000)
}
Event: 159.241 GC heap before
{Heap before GC invocations=43 (full 7):
 PSYoungGen      total 1425920K, used 1265377K [0x0000000755500000, 0x00000007cf100000, 0x0000000800000000)
  eden space 1115648K, 100% used [0x0000000755500000,0x0000000799680000,0x0000000799680000)
  from space 310272K, 48% used [0x0000000799680000,0x00000007a28b87d8,0x00000007ac580000)
  to   space 333824K, 0% used [0x00000007bab00000,0x00000007bab00000,0x00000007cf100000)
 ParOldGen       total 778752K, used 578275K [0x0000000600000000, 0x000000062f880000, 0x0000000755500000)
  object space 778752K, 74% used [0x0000000600000000,0x00000006234b8fd8,0x000000062f880000)
 PSPermGen       total 21504K, used 6906K [0x00000005f5a00000, 0x00000005f6f00000, 0x0000000600000000)
  object space 21504K, 32% used [0x00000005f5a00000,0x00000005f60beac8,0x00000005f6f00000)
Event: 265.409 GC heap after
Heap after GC invocations=43 (full 7):
 PSYoungGen      total 1649152K, used 208463K [0x0000000755500000, 0x00000007d1580000, 0x0000000800000000)
  eden space 1315328K, 0% used [0x0000000755500000,0x0000000755500000,0x00000007a5980000)
  from space 333824K, 62% used [0x00000007bab00000,0x00000007c7693e50,0x00000007cf100000)
  to   space 345600K, 0% used [0x00000007a5980000,0x00000007a5980000,0x00000007bab00000)
 ParOldGen       total 778752K, used 651192K [0x0000000600000000, 0x000000062f880000, 0x0000000755500000)
  object space 778752K, 83% used [0x0000000600000000,0x0000000627bee0c0,0x000000062f880000)
 PSPermGen       total 21504K, used 6906K [0x00000005f5a00000, 0x00000005f6f00000, 0x0000000600000000)
  object space 21504K, 32% used [0x00000005f5a00000,0x00000005f60beac8,0x00000005f6f00000)
}
Event: 271.622 GC heap before
{Heap before GC invocations=44 (full 7):
 PSYoungGen      total 1649152K, used 1523791K [0x0000000755500000, 0x00000007d1580000, 0x0000000800000000)
  eden space 1315328K, 100% used [0x0000000755500000,0x00000007a5980000,0x00000007a5980000)
  from space 333824K, 62% used [0x00000007bab00000,0x00000007c7693e50,0x00000007cf100000)
  to   space 345600K, 0% used [0x00000007a5980000,0x00000007a5980000,0x00000007bab00000)
 ParOldGen       total 778752K, used 651192K [0x0000000600000000, 0x000000062f880000, 0x0000000755500000)
  object space 778752K, 83% used [0x0000000600000000,0x0000000627bee0c0,0x000000062f880000)
 PSPermGen       total 21504K, used 6912K [0x00000005f5a00000, 0x00000005f6f00000, 0x0000000600000000)
  object space 21504K, 32% used [0x00000005f5a00000,0x00000005f60c0060,0x00000005f6f00000)

