# JRE version: Java(TM) SE Runtime Environment (7.0_79-b15) (build 1.7.0_79-b15)
# Java VM: Java HotSpot(TM) 64-Bit Server VM (24.79-b02 mixed mode windows-amd64 compressed oops)
Heap
 PSYoungGen      total 1178112K, used 761734K [0x0000000755500000, 0x00000007b5b00000, 0x0000000800000000)
  eden space 808448K, 54% used [0x0000000755500000,0x000000076ff9a248,0x0000000786a80000)
  from space 369664K, 87% used [0x0000000786a80000,0x000000079a7c7940,0x000000079d380000)
  to   space 337920K, 0% used [0x000000079d380000,0x000000079d380000,0x00000007b1d80000)
 ParOldGen       total 355328K, used 122191K [0x0000000600000000, 0x0000000615b00000, 0x0000000755500000)
  object space 355328K, 34% used [0x0000000600000000,0x0000000607753ee0,0x0000000615b00000)
 PSPermGen       total 21504K, used 6625K [0x00000005fae00000, 0x00000005fc300000, 0x0000000600000000)
  object space 21504K, 30% used [0x00000005fae00000,0x00000005fb478670,0x00000005fc300000)
GC Heap History (10 events):
Event: 814.267 GC heap before
{Heap before GC invocations=44 (full 7):
 PSYoungGen      total 1100288K, used 1047961K [0x0000000755500000, 0x00000007aa100000, 0x0000000800000000)
  eden space 847360K, 100% used [0x0000000755500000,0x0000000789080000,0x0000000789080000)
  from space 252928K, 79% used [0x0000000789080000,0x0000000795466460,0x0000000798780000)
  to   space 213504K, 0% used [0x0000000798780000,0x0000000798780000,0x00000007a5800000)
 ParOldGen       total 533504K, used 533456K [0x0000000600000000, 0x0000000620900000, 0x0000000755500000)
  object space 533504K, 99% used [0x0000000600000000,0x00000006208f4338,0x0000000620900000)
 PSPermGen       total 21504K, used 6621K [0x00000005fae00000, 0x00000005fc300000, 0x0000000600000000)
  object space 21504K, 30% used [0x00000005fae00000,0x00000005fb4775c8,0x00000005fc300000)
Event: 819.228 GC heap after
Heap after GC invocations=44 (full 7):
 PSYoungGen      total 1100288K, used 0K [0x0000000755500000, 0x00000007aa100000, 0x0000000800000000)
  eden space 847360K, 0% used [0x0000000755500000,0x0000000755500000,0x0000000789080000)
  from space 252928K, 0% used [0x0000000789080000,0x0000000789080000,0x0000000798780000)
  to   space 213504K, 0% used [0x0000000798780000,0x0000000798780000,0x00000007a5800000)
 ParOldGen       total 355328K, used 122191K [0x0000000600000000, 0x0000000615b00000, 0x0000000755500000)
  object space 355328K, 34% used [0x0000000600000000,0x0000000607753ee0,0x0000000615b00000)
 PSPermGen       total 21504K, used 6619K [0x00000005fae00000, 0x00000005fc300000, 0x0000000600000000)
  object space 21504K, 30% used [0x00000005fae00000,0x00000005fb476f78,0x00000005fc300000)
}
Event: 889.994 GC heap before
{Heap before GC invocations=45 (full 7):
 PSYoungGen      total 1100288K, used 847360K [0x0000000755500000, 0x00000007aa100000, 0x0000000800000000)
  eden space 847360K, 100% used [0x0000000755500000,0x0000000789080000,0x0000000789080000)
  from space 252928K, 0% used [0x0000000789080000,0x0000000789080000,0x0000000798780000)
  to   space 213504K, 0% used [0x0000000798780000,0x0000000798780000,0x00000007a5800000)
 ParOldGen       total 355328K, used 122191K [0x0000000600000000, 0x0000000615b00000, 0x0000000755500000)
  object space 355328K, 34% used [0x0000000600000000,0x0000000607753ee0,0x0000000615b00000)
 PSPermGen       total 21504K, used 6622K [0x00000005fae00000, 0x00000005fc300000, 0x0000000600000000)
  object space 21504K, 30% used [0x00000005fae00000,0x00000005fb477990,0x00000005fc300000)
Event: 890.368 GC heap after
Heap after GC invocations=45 (full 7):
 PSYoungGen      total 997888K, used 134045K [0x0000000755500000, 0x00000007b3e80000, 0x0000000800000000)
  eden space 784384K, 0% used [0x0000000755500000,0x0000000755500000,0x0000000785300000)
  from space 213504K, 62% used [0x0000000798780000,0x00000007a0a675e0,0x00000007a5800000)
  to   space 315904K, 0% used [0x0000000785300000,0x0000000785300000,0x0000000798780000)
 ParOldGen       total 355328K, used 122191K [0x0000000600000000, 0x0000000615b00000, 0x0000000755500000)
  object space 355328K, 34% used [0x0000000600000000,0x0000000607753ee0,0x0000000615b00000)
 PSPermGen       total 21504K, used 6622K [0x00000005fae00000, 0x00000005fc300000, 0x0000000600000000)
  object space 21504K, 30% used [0x00000005fae00000,0x00000005fb477990,0x00000005fc300000)
}
Event: 927.592 GC heap before
{Heap before GC invocations=46 (full 7):
 PSYoungGen      total 997888K, used 918429K [0x0000000755500000, 0x00000007b3e80000, 0x0000000800000000)
  eden space 784384K, 100% used [0x0000000755500000,0x0000000785300000,0x0000000785300000)
  from space 213504K, 62% used [0x0000000798780000,0x00000007a0a675e0,0x00000007a5800000)
  to   space 315904K, 0% used [0x0000000785300000,0x0000000785300000,0x0000000798780000)
 ParOldGen       total 355328K, used 122191K [0x0000000600000000, 0x0000000615b00000, 0x0000000755500000)
  object space 355328K, 34% used [0x0000000600000000,0x0000000607753ee0,0x0000000615b00000)
 PSPermGen       total 21504K, used 6623K [0x00000005fae00000, 0x00000005fc300000, 0x0000000600000000)
  object space 21504K, 30% used [0x00000005fae00000,0x00000005fb477f90,0x00000005fc300000)
Event: 928.177 GC heap after
Heap after GC invocations=46 (full 7):
 PSYoungGen      total 1100288K, used 231800K [0x0000000755500000, 0x00000007b1d80000, 0x0000000800000000)
  eden space 784384K, 0% used [0x0000000755500000,0x0000000755500000,0x0000000785300000)
  from space 315904K, 73% used [0x0000000785300000,0x000000079355e200,0x0000000798780000)
  to   space 337920K, 0% used [0x000000079d380000,0x000000079d380000,0x00000007b1d80000)
 ParOldGen       total 355328K, used 122191K [0x0000000600000000, 0x0000000615b00000, 0x0000000755500000)
  object space 355328K, 34% used [0x0000000600000000,0x0000000607753ee0,0x0000000615b00000)
 PSPermGen       total 21504K, used 6623K [0x00000005fae00000, 0x00000005fc300000, 0x0000000600000000)
  object space 21504K, 30% used [0x00000005fae00000,0x00000005fb477f90,0x00000005fc300000)
}
Event: 948.350 GC heap before
{Heap before GC invocations=47 (full 7):
 PSYoungGen      total 1100288K, used 1016184K [0x0000000755500000, 0x00000007b1d80000, 0x0000000800000000)
  eden space 784384K, 100% used [0x0000000755500000,0x0000000785300000,0x0000000785300000)
  from space 315904K, 73% used [0x0000000785300000,0x000000079355e200,0x0000000798780000)
  to   space 337920K, 0% used [0x000000079d380000,0x000000079d380000,0x00000007b1d80000)
 ParOldGen       total 355328K, used 122191K [0x0000000600000000, 0x0000000615b00000, 0x0000000755500000)
  object space 355328K, 34% used [0x0000000600000000,0x0000000607753ee0,0x0000000615b00000)
 PSPermGen       total 21504K, used 6624K [0x00000005fae00000, 0x00000005fc300000, 0x0000000600000000)
  object space 21504K, 30% used [0x00000005fae00000,0x00000005fb478090,0x00000005fc300000)
Event: 949.563 GC heap after
Heap after GC invocations=47 (full 7):
 PSYoungGen      total 1146368K, used 272657K [0x0000000755500000, 0x00000007b5b00000, 0x0000000800000000)
  eden space 808448K, 0% used [0x0000000755500000,0x0000000755500000,0x0000000786a80000)
  from space 337920K, 80% used [0x000000079d380000,0x00000007addc4648,0x00000007b1d80000)
  to   space 369664K, 0% used [0x0000000786a80000,0x0000000786a80000,0x000000079d380000)
 ParOldGen       total 355328K, used 122191K [0x0000000600000000, 0x0000000615b00000, 0x0000000755500000)
  object space 355328K, 34% used [0x0000000600000000,0x0000000607753ee0,0x0000000615b00000)
 PSPermGen       total 21504K, used 6624K [0x00000005fae00000, 0x00000005fc300000, 0x0000000600000000)
  object space 21504K, 30% used [0x00000005fae00000,0x00000005fb478090,0x00000005fc300000)
}
Event: 965.881 GC heap before
{Heap before GC invocations=48 (full 7):
 PSYoungGen      total 1146368K, used 1081105K [0x0000000755500000, 0x00000007b5b00000, 0x0000000800000000)
  eden space 808448K, 100% used [0x0000000755500000,0x0000000786a80000,0x0000000786a80000)
  from space 337920K, 80% used [0x000000079d380000,0x00000007addc4648,0x00000007b1d80000)
  to   space 369664K, 0% used [0x0000000786a80000,0x0000000786a80000,0x000000079d380000)
 ParOldGen       total 355328K, used 122191K [0x0000000600000000, 0x0000000615b00000, 0x0000000755500000)
  object space 355328K, 34% used [0x0000000600000000,0x0000000607753ee0,0x0000000615b00000)
 PSPermGen       total 21504K, used 6624K [0x00000005fae00000, 0x00000005fc300000, 0x0000000600000000)
  object space 21504K, 30% used [0x00000005fae00000,0x00000005fb478110,0x00000005fc300000)
Event: 966.512 GC heap after
Heap after GC invocations=48 (full 7):
 PSYoungGen      total 1178112K, used 324894K [0x0000000755500000, 0x00000007b5b00000, 0x0000000800000000)
  eden space 808448K, 0% used [0x0000000755500000,0x0000000755500000,0x0000000786a80000)
  from space 369664K, 87% used [0x0000000786a80000,0x000000079a7c7940,0x000000079d380000)
  to   space 337920K, 0% used [0x000000079d380000,0x000000079d380000,0x00000007b1d80000)
 ParOldGen       total 355328K, used 122191K [0x0000000600000000, 0x0000000615b00000, 0x0000000755500000)
  object space 355328K, 34% used [0x0000000600000000,0x0000000607753ee0,0x0000000615b00000)
 PSPermGen       total 21504K, used 6624K [0x00000005fae00000, 0x00000005fc300000, 0x0000000600000000)
  object space 21504K, 30% used [0x00000005fae00000,0x00000005fb478110,0x00000005fc300000)
}

