# JRE version: OpenJDK Runtime Environment (7.0_79-b14) (build 1.7.0_79-b14)
# Java VM: OpenJDK 64-Bit Server VM (24.79-b02 mixed mode linux-amd64 compressed oops)
Heap
 PSYoungGen      total 1654272K, used 199148K [0x0000000755500000, 0x00000007c6700000, 0x0000000800000000)
  eden space 1455104K, 0% used [0x0000000755500000,0x0000000755500000,0x00000007ae200000)
  from space 199168K, 99% used [0x00000007ae200000,0x00000007ba47b028,0x00000007ba480000)
  to   space 157184K, 0% used [0x00000007ba500000,0x00000007ba500000,0x00000007c3e80000)
 ParOldGen       total 875008K, used 874541K [0x0000000600000000, 0x0000000635680000, 0x0000000755500000)
  object space 875008K, 99% used [0x0000000600000000,0x000000063560b448,0x0000000635680000)
 PSPermGen       total 21504K, used 6903K [0x00000005f5a00000, 0x00000005f6f00000, 0x0000000600000000)
  object space 21504K, 32% used [0x00000005f5a00000,0x00000005f60bdcc8,0x00000005f6f00000)
GC Heap History (10 events):
Event: 73.222 GC heap after
Heap after GC invocations=34 (full 5):
 PSYoungGen      total 1360384K, used 1360365K [0x0000000755500000, 0x00000007b5980000, 0x0000000800000000)
  eden space 1247744K, 100% used [0x0000000755500000,0x00000007a1780000,0x00000007a1780000)
  from space 112640K, 99% used [0x00000007aa780000,0x00000007b157b500,0x00000007b1580000)
  to   space 147456K, 99% used [0x00000007a1780000,0x00000007aa77ac50,0x00000007aa780000)
 ParOldGen       total 493568K, used 493141K [0x0000000600000000, 0x000000061e200000, 0x0000000755500000)
  object space 493568K, 99% used [0x0000000600000000,0x000000061e195600,0x000000061e200000)
 PSPermGen       total 21504K, used 6179K [0x00000005f5a00000, 0x00000005f6f00000, 0x0000000600000000)
  object space 21504K, 28% used [0x00000005f5a00000,0x00000005f6008f58,0x00000005f6f00000)
}
Event: 73.222 GC heap before
{Heap before GC invocations=35 (full 6):
 PSYoungGen      total 1360384K, used 1360365K [0x0000000755500000, 0x00000007b5980000, 0x0000000800000000)
  eden space 1247744K, 100% used [0x0000000755500000,0x00000007a1780000,0x00000007a1780000)
  from space 112640K, 99% used [0x00000007aa780000,0x00000007b157b500,0x00000007b1580000)
  to   space 147456K, 99% used [0x00000007a1780000,0x00000007aa77ac50,0x00000007aa780000)
 ParOldGen       total 493568K, used 493141K [0x0000000600000000, 0x000000061e200000, 0x0000000755500000)
  object space 493568K, 99% used [0x0000000600000000,0x000000061e195600,0x000000061e200000)
 PSPermGen       total 21504K, used 6179K [0x00000005f5a00000, 0x00000005f6f00000, 0x0000000600000000)
  object space 21504K, 28% used [0x00000005f5a00000,0x00000005f6008f58,0x00000005f6f00000)
Event: 77.219 GC heap after
Heap after GC invocations=35 (full 6):
 PSYoungGen      total 1360384K, used 154064K [0x0000000755500000, 0x00000007b5980000, 0x0000000800000000)
  eden space 1247744K, 12% used [0x0000000755500000,0x000000075eb742b0,0x00000007a1780000)
  from space 112640K, 0% used [0x00000007aa780000,0x00000007aa780000,0x00000007b1580000)
  to   space 147456K, 0% used [0x00000007a1780000,0x00000007a1780000,0x00000007aa780000)
 ParOldGen       total 624640K, used 493487K [0x0000000600000000, 0x0000000626200000, 0x0000000755500000)
  object space 624640K, 79% used [0x0000000600000000,0x000000061e1ebe18,0x0000000626200000)
 PSPermGen       total 21504K, used 6179K [0x00000005f5a00000, 0x00000005f6f00000, 0x0000000600000000)
  object space 21504K, 28% used [0x00000005f5a00000,0x00000005f6008e78,0x00000005f6f00000)
}
Event: 82.640 GC heap before
{Heap before GC invocations=36 (full 6):
 PSYoungGen      total 1360384K, used 1247744K [0x0000000755500000, 0x00000007b5980000, 0x0000000800000000)
  eden space 1247744K, 100% used [0x0000000755500000,0x00000007a1780000,0x00000007a1780000)
  from space 112640K, 0% used [0x00000007aa780000,0x00000007aa780000,0x00000007b1580000)
  to   space 147456K, 0% used [0x00000007a1780000,0x00000007a1780000,0x00000007aa780000)
 ParOldGen       total 624640K, used 493487K [0x0000000600000000, 0x0000000626200000, 0x0000000755500000)
  object space 624640K, 79% used [0x0000000600000000,0x000000061e1ebe18,0x0000000626200000)
 PSPermGen       total 21504K, used 6181K [0x00000005f5a00000, 0x00000005f6f00000, 0x0000000600000000)
  object space 21504K, 28% used [0x00000005f5a00000,0x00000005f60096e8,0x00000005f6f00000)
Event: 83.599 GC heap after
Heap after GC invocations=36 (full 6):
 PSYoungGen      total 1395200K, used 105258K [0x0000000755500000, 0x00000007c3e80000, 0x0000000800000000)
  eden space 1247744K, 0% used [0x0000000755500000,0x0000000755500000,0x00000007a1780000)
  from space 147456K, 71% used [0x00000007a1780000,0x00000007a7e4abd0,0x00000007aa780000)
  to   space 157184K, 0% used [0x00000007ba500000,0x00000007ba500000,0x00000007c3e80000)
 ParOldGen       total 645120K, used 644673K [0x0000000600000000, 0x0000000627600000, 0x0000000755500000)
  object space 645120K, 99% used [0x0000000600000000,0x00000006275907a8,0x0000000627600000)
 PSPermGen       total 21504K, used 6181K [0x00000005f5a00000, 0x00000005f6f00000, 0x0000000600000000)
  object space 21504K, 28% used [0x00000005f5a00000,0x00000005f60096e8,0x00000005f6f00000)
}
Event: 83.599 GC heap before
{Heap before GC invocations=37 (full 7):
 PSYoungGen      total 1395200K, used 105258K [0x0000000755500000, 0x00000007c3e80000, 0x0000000800000000)
  eden space 1247744K, 0% used [0x0000000755500000,0x0000000755500000,0x00000007a1780000)
  from space 147456K, 71% used [0x00000007a1780000,0x00000007a7e4abd0,0x00000007aa780000)
  to   space 157184K, 0% used [0x00000007ba500000,0x00000007ba500000,0x00000007c3e80000)
 ParOldGen       total 645120K, used 644673K [0x0000000600000000, 0x0000000627600000, 0x0000000755500000)
  object space 645120K, 99% used [0x0000000600000000,0x00000006275907a8,0x0000000627600000)
 PSPermGen       total 21504K, used 6181K [0x00000005f5a00000, 0x00000005f6f00000, 0x0000000600000000)
  object space 21504K, 28% used [0x00000005f5a00000,0x00000005f60096e8,0x00000005f6f00000)
Event: 88.112 GC heap after
Heap after GC invocations=37 (full 7):
 PSYoungGen      total 1395200K, used 53314K [0x0000000755500000, 0x00000007c3e80000, 0x0000000800000000)
  eden space 1247744K, 0% used [0x0000000755500000,0x0000000755500000,0x00000007a1780000)
  from space 147456K, 36% used [0x00000007a1780000,0x00000007a4b909b8,0x00000007aa780000)
  to   space 157184K, 0% used [0x00000007ba500000,0x00000007ba500000,0x00000007c3e80000)
 ParOldGen       total 830976K, used 644628K [0x0000000600000000, 0x0000000632b80000, 0x0000000755500000)
  object space 830976K, 77% used [0x0000000600000000,0x0000000627585310,0x0000000632b80000)
 PSPermGen       total 21504K, used 6181K [0x00000005f5a00000, 0x00000005f6f00000, 0x0000000600000000)
  object space 21504K, 28% used [0x00000005f5a00000,0x00000005f60096e8,0x00000005f6f00000)
}
Event: 101.541 GC heap before
{Heap before GC invocations=38 (full 7):
 PSYoungGen      total 1395200K, used 1301058K [0x0000000755500000, 0x00000007c3e80000, 0x0000000800000000)
  eden space 1247744K, 100% used [0x0000000755500000,0x00000007a1780000,0x00000007a1780000)
  from space 147456K, 36% used [0x00000007a1780000,0x00000007a4b909b8,0x00000007aa780000)
  to   space 157184K, 0% used [0x00000007ba500000,0x00000007ba500000,0x00000007c3e80000)
 ParOldGen       total 830976K, used 644628K [0x0000000600000000, 0x0000000632b80000, 0x0000000755500000)
  object space 830976K, 77% used [0x0000000600000000,0x0000000627585310,0x0000000632b80000)
 PSPermGen       total 21504K, used 6897K [0x00000005f5a00000, 0x00000005f6f00000, 0x0000000600000000)
  object space 21504K, 32% used [0x00000005f5a00000,0x00000005f60bc778,0x00000005f6f00000)
Event: 106.185 GC heap after
Heap after GC invocations=38 (full 7):
 PSYoungGen      total 1612288K, used 157160K [0x0000000755500000, 0x00000007c6700000, 0x0000000800000000)
  eden space 1455104K, 0% used [0x0000000755500000,0x0000000755500000,0x00000007ae200000)
  from space 157184K, 99% used [0x00000007ba500000,0x00000007c3e7a248,0x00000007c3e80000)
  to   space 199168K, 0% used [0x00000007ae200000,0x00000007ae200000,0x00000007ba480000)
 ParOldGen       total 830976K, used 687500K [0x0000000600000000, 0x0000000632b80000, 0x0000000755500000)
  object space 830976K, 82% used [0x0000000600000000,0x0000000629f63138,0x0000000632b80000)
 PSPermGen       total 21504K, used 6897K [0x00000005f5a00000, 0x00000005f6f00000, 0x0000000600000000)
  object space 21504K, 32% used [0x00000005f5a00000,0x00000005f60bc778,0x00000005f6f00000)
}
Event: 111.205 GC heap before
{Heap before GC invocations=39 (full 7):
 PSYoungGen      total 1612288K, used 1612264K [0x0000000755500000, 0x00000007c6700000, 0x0000000800000000)
  eden space 1455104K, 100% used [0x0000000755500000,0x00000007ae200000,0x00000007ae200000)
  from space 157184K, 99% used [0x00000007ba500000,0x00000007c3e7a248,0x00000007c3e80000)
  to   space 199168K, 0% used [0x00000007ae200000,0x00000007ae200000,0x00000007ba480000)
 ParOldGen       total 830976K, used 687500K [0x0000000600000000, 0x0000000632b80000, 0x0000000755500000)
  object space 830976K, 82% used [0x0000000600000000,0x0000000629f63138,0x0000000632b80000)
 PSPermGen       total 21504K, used 6903K [0x00000005f5a00000, 0x00000005f6f00000, 0x0000000600000000)
  object space 21504K, 32% used [0x00000005f5a00000,0x00000005f60bdcc8,0x00000005f6f00000)

